mode: atomic
github.com/fluid-cloudnative/fluid/pkg/utils/version/version.go:29.63,32.2 1 5
github.com/fluid-cloudnative/fluid/pkg/utils/version/version.go:37.62,39.16 2 2
github.com/fluid-cloudnative/fluid/pkg/utils/version/version.go:43.2,43.26 1 1
github.com/fluid-cloudnative/fluid/pkg/utils/version/version.go:39.16,41.3 1 1
github.com/fluid-cloudnative/fluid/pkg/utils/security/filter.go:27.65,28.30 1 5
github.com/fluid-cloudnative/fluid/pkg/utils/security/filter.go:32.2,32.8 1 5
github.com/fluid-cloudnative/fluid/pkg/utils/security/filter.go:28.30,30.3 1 16
github.com/fluid-cloudnative/fluid/pkg/utils/security/filter.go:35.39,36.31 1 16
github.com/fluid-cloudnative/fluid/pkg/utils/security/filter.go:43.2,43.13 1 16
github.com/fluid-cloudnative/fluid/pkg/utils/security/filter.go:36.31,38.32 1 73
github.com/fluid-cloudnative/fluid/pkg/utils/security/filter.go:38.32,40.4 1 3
github.com/fluid-cloudnative/fluid/pkg/utils/security/filter.go:46.37,47.44 1 2
github.com/fluid-cloudnative/fluid/pkg/utils/security/filter.go:47.44,49.3 1 2
github.com/fluid-cloudnative/fluid/pkg/errors/deprecated.go:32.42,34.2 1 1
github.com/fluid-cloudnative/fluid/pkg/errors/deprecated.go:36.56,38.2 1 1
github.com/fluid-cloudnative/fluid/pkg/errors/deprecated.go:40.59,42.2 1 1
github.com/fluid-cloudnative/fluid/pkg/errors/deprecated.go:44.104,53.2 1 2
github.com/fluid-cloudnative/fluid/pkg/errors/deprecated.go:56.48,58.2 1 2
github.com/fluid-cloudnative/fluid/pkg/errors/errors.go:31.52,32.25 1 2
github.com/fluid-cloudnative/fluid/pkg/errors/errors.go:36.2,36.35 1 1
github.com/fluid-cloudnative/fluid/pkg/errors/errors.go:33.19,34.20 1 1
github.com/fluid-cloudnative/fluid/pkg/utils/kubelet/client.go:55.76,57.16 2 0
github.com/fluid-cloudnative/fluid/pkg/utils/kubelet/client.go:60.2,68.8 2 0
github.com/fluid-cloudnative/fluid/pkg/utils/kubelet/client.go:57.16,59.3 1 0
github.com/fluid-cloudnative/fluid/pkg/utils/kubelet/client.go:72.104,76.50 2 0
github.com/fluid-cloudnative/fluid/pkg/utils/kubelet/client.go:82.2,83.16 2 0
github.com/fluid-cloudnative/fluid/pkg/utils/kubelet/client.go:87.2,88.22 2 0
github.com/fluid-cloudnative/fluid/pkg/utils/kubelet/client.go:95.2,95.70 1 0
github.com/fluid-cloudnative/fluid/pkg/utils/kubelet/client.go:76.50,80.3 3 0
github.com/fluid-cloudnative/fluid/pkg/utils/kubelet/client.go:83.16,85.3 1 0
github.com/fluid-cloudnative/fluid/pkg/utils/kubelet/client.go:88.22,93.3 1 0
github.com/fluid-cloudnative/fluid/pkg/utils/kubelet/client.go:99.67,111.18 2 0
github.com/fluid-cloudnative/fluid/pkg/utils/kubelet/client.go:114.2,114.12 1 0
github.com/fluid-cloudnative/fluid/pkg/utils/kubelet/client.go:111.18,113.3 1 0
github.com/fluid-cloudnative/fluid/pkg/utils/kubelet/client.go:117.43,119.6 2 2
github.com/fluid-cloudnative/fluid/pkg/utils/kubelet/client.go:119.6,120.23 1 6
github.com/fluid-cloudnative/fluid/pkg/utils/kubelet/client.go:124.3,126.17 3 6
github.com/fluid-cloudnative/fluid/pkg/utils/kubelet/client.go:120.23,123.4 1 2
github.com/fluid-cloudnative/fluid/pkg/utils/kubelet/client.go:126.17,127.21 1 2
github.com/fluid-cloudnative/fluid/pkg/utils/kubelet/client.go:130.4,130.17 1 2
github.com/fluid-cloudnative/fluid/pkg/utils/kubelet/client.go:127.21,129.5 1 2
github.com/fluid-cloudnative/fluid/pkg/utils/kubelet/client.go:135.67,137.16 2 3
github.com/fluid-cloudnative/fluid/pkg/utils/kubelet/client.go:141.2,142.16 2 2
github.com/fluid-cloudnative/fluid/pkg/utils/kubelet/client.go:145.2,146.54 2 2
github.com/fluid-cloudnative/fluid/pkg/utils/kubelet/client.go:149.2,149.21 1 1
github.com/fluid-cloudnative/fluid/pkg/utils/kubelet/client.go:137.16,139.3 1 1
github.com/fluid-cloudnative/fluid/pkg/utils/kubelet/client.go:142.16,144.3 1 0
github.com/fluid-cloudnative/fluid/pkg/utils/kubelet/client.go:146.54,148.3 1 1
github.com/fluid-cloudnative/fluid/pkg/common/constants.go:89.68,92.2 2 4
github.com/fluid-cloudnative/fluid/pkg/common/critical_fuse_pod.go:23.36,25.2 1 1
github.com/fluid-cloudnative/fluid/pkg/common/fluid_ufs_scheme.go:30.43,32.2 1 14
github.com/fluid-cloudnative/fluid/pkg/common/fluid_ufs_scheme.go:34.41,35.47 1 4
github.com/fluid-cloudnative/fluid/pkg/common/fluid_ufs_scheme.go:41.2,41.14 1 2
github.com/fluid-cloudnative/fluid/pkg/common/fluid_ufs_scheme.go:35.47,37.3 1 1
github.com/fluid-cloudnative/fluid/pkg/common/fluid_ufs_scheme.go:37.8,37.56 1 3
github.com/fluid-cloudnative/fluid/pkg/common/fluid_ufs_scheme.go:37.56,39.3 1 1
github.com/fluid-cloudnative/fluid/pkg/common/fluid_ufs_scheme.go:44.38,45.47 1 4
github.com/fluid-cloudnative/fluid/pkg/common/fluid_ufs_scheme.go:50.2,50.14 1 2
github.com/fluid-cloudnative/fluid/pkg/common/fluid_ufs_scheme.go:45.47,47.3 1 1
github.com/fluid-cloudnative/fluid/pkg/common/fluid_ufs_scheme.go:47.8,47.55 1 3
github.com/fluid-cloudnative/fluid/pkg/common/fluid_ufs_scheme.go:47.55,49.3 1 1
github.com/fluid-cloudnative/fluid/pkg/common/init.go:43.30,45.2 1 1
github.com/fluid-cloudnative/fluid/pkg/common/label.go:55.58,57.2 1 1
github.com/fluid-cloudnative/fluid/pkg/common/label.go:59.60,61.2 1 1
github.com/fluid-cloudnative/fluid/pkg/common/label.go:63.70,65.2 1 1
github.com/fluid-cloudnative/fluid/pkg/common/label.go:71.59,73.2 1 4
github.com/fluid-cloudnative/fluid/pkg/common/label.go:75.105,80.34 2 6
github.com/fluid-cloudnative/fluid/pkg/common/label.go:83.2,83.57 1 6
github.com/fluid-cloudnative/fluid/pkg/common/label.go:80.34,82.3 1 4
github.com/fluid-cloudnative/fluid/pkg/common/label.go:86.71,88.2 1 2
github.com/fluid-cloudnative/fluid/pkg/common/label.go:90.74,92.2 1 1
github.com/fluid-cloudnative/fluid/pkg/common/label.go:94.55,96.2 1 1
github.com/fluid-cloudnative/fluid/pkg/common/label.go:98.38,100.2 1 0
github.com/fluid-cloudnative/fluid/pkg/common/label.go:103.81,104.17 1 3
github.com/fluid-cloudnative/fluid/pkg/common/label.go:107.2,107.25 1 2
github.com/fluid-cloudnative/fluid/pkg/common/label.go:110.2,110.14 1 0
github.com/fluid-cloudnative/fluid/pkg/common/label.go:104.17,106.3 1 1
github.com/fluid-cloudnative/fluid/pkg/common/label.go:107.25,109.3 1 2
github.com/fluid-cloudnative/fluid/pkg/csi/recover/recover.go:75.64,78.16 2 1
github.com/fluid-cloudnative/fluid/pkg/csi/recover/recover.go:81.2,88.40 7 1
github.com/fluid-cloudnative/fluid/pkg/csi/recover/recover.go:95.2,108.16 3 1
github.com/fluid-cloudnative/fluid/pkg/csi/recover/recover.go:112.2,112.27 1 1
github.com/fluid-cloudnative/fluid/pkg/csi/recover/recover.go:78.16,80.3 1 0
github.com/fluid-cloudnative/fluid/pkg/csi/recover/recover.go:88.40,89.83 1 1
github.com/fluid-cloudnative/fluid/pkg/csi/recover/recover.go:89.83,91.4 1 0
github.com/fluid-cloudnative/fluid/pkg/csi/recover/recover.go:92.8,94.3 1 0
github.com/fluid-cloudnative/fluid/pkg/csi/recover/recover.go:108.16,110.3 1 0
github.com/fluid-cloudnative/fluid/pkg/csi/recover/recover.go:115.125,118.16 3 1
github.com/fluid-cloudnative/fluid/pkg/csi/recover/recover.go:121.2,123.16 2 1
github.com/fluid-cloudnative/fluid/pkg/csi/recover/recover.go:127.2,128.16 2 1
github.com/fluid-cloudnative/fluid/pkg/csi/recover/recover.go:132.2,133.41 2 1
github.com/fluid-cloudnative/fluid/pkg/csi/recover/recover.go:139.2,150.8 1 1
github.com/fluid-cloudnative/fluid/pkg/csi/recover/recover.go:118.16,120.3 1 0
github.com/fluid-cloudnative/fluid/pkg/csi/recover/recover.go:123.16,125.3 1 0
github.com/fluid-cloudnative/fluid/pkg/csi/recover/recover.go:128.16,130.3 1 0
github.com/fluid-cloudnative/fluid/pkg/csi/recover/recover.go:133.41,135.17 2 1
github.com/fluid-cloudnative/fluid/pkg/csi/recover/recover.go:135.17,137.4 1 0
github.com/fluid-cloudnative/fluid/pkg/csi/recover/recover.go:153.56,160.2 3 0
github.com/fluid-cloudnative/fluid/pkg/csi/recover/recover.go:162.51,166.2 3 0
github.com/fluid-cloudnative/fluid/pkg/csi/recover/recover.go:168.33,171.16 3 3
github.com/fluid-cloudnative/fluid/pkg/csi/recover/recover.go:175.2,175.33 1 2
github.com/fluid-cloudnative/fluid/pkg/csi/recover/recover.go:171.16,174.3 2 1
github.com/fluid-cloudnative/fluid/pkg/csi/recover/recover.go:175.33,177.28 2 2
github.com/fluid-cloudnative/fluid/pkg/csi/recover/recover.go:180.3,180.32 1 2
github.com/fluid-cloudnative/fluid/pkg/csi/recover/recover.go:183.3,184.70 2 2
github.com/fluid-cloudnative/fluid/pkg/csi/recover/recover.go:177.28,178.12 1 0
github.com/fluid-cloudnative/fluid/pkg/csi/recover/recover.go:180.32,181.12 1 0
github.com/fluid-cloudnative/fluid/pkg/csi/recover/recover.go:184.70,188.4 3 1
github.com/fluid-cloudnative/fluid/pkg/csi/recover/recover.go:192.32,194.16 2 1
github.com/fluid-cloudnative/fluid/pkg/csi/recover/recover.go:199.2,199.37 1 1
github.com/fluid-cloudnative/fluid/pkg/csi/recover/recover.go:194.16,197.3 2 0
github.com/fluid-cloudnative/fluid/pkg/csi/recover/recover.go:199.37,202.53 3 0
github.com/fluid-cloudnative/fluid/pkg/csi/recover/recover.go:206.3,206.74 1 0
github.com/fluid-cloudnative/fluid/pkg/csi/recover/recover.go:202.53,204.12 2 0
github.com/fluid-cloudnative/fluid/pkg/csi/recover/recover.go:210.82,214.20 3 1
github.com/fluid-cloudnative/fluid/pkg/csi/recover/recover.go:218.2,219.88 2 1
github.com/fluid-cloudnative/fluid/pkg/csi/recover/recover.go:222.2,222.8 1 1
github.com/fluid-cloudnative/fluid/pkg/csi/recover/recover.go:214.20,216.3 1 0
github.com/fluid-cloudnative/fluid/pkg/csi/recover/recover.go:219.88,221.3 1 0
github.com/fluid-cloudnative/fluid/pkg/csi/recover/recover.go:228.67,229.35 1 1
github.com/fluid-cloudnative/fluid/pkg/csi/recover/recover.go:229.35,231.52 2 2
github.com/fluid-cloudnative/fluid/pkg/csi/recover/recover.go:231.52,233.4 1 0
github.com/fluid-cloudnative/fluid/pkg/csi/recover/recover.go:237.85,238.74 1 7
github.com/fluid-cloudnative/fluid/pkg/csi/recover/recover.go:241.2,242.42 2 6
github.com/fluid-cloudnative/fluid/pkg/csi/recover/recover.go:247.2,247.18 1 6
github.com/fluid-cloudnative/fluid/pkg/csi/recover/recover.go:250.2,250.50 1 6
github.com/fluid-cloudnative/fluid/pkg/csi/recover/recover.go:276.2,276.8 1 4
github.com/fluid-cloudnative/fluid/pkg/csi/recover/recover.go:238.74,240.3 1 1
github.com/fluid-cloudnative/fluid/pkg/csi/recover/recover.go:242.42,243.30 1 6
github.com/fluid-cloudnative/fluid/pkg/csi/recover/recover.go:243.30,245.4 1 6
github.com/fluid-cloudnative/fluid/pkg/csi/recover/recover.go:247.18,249.3 1 0
github.com/fluid-cloudnative/fluid/pkg/csi/recover/recover.go:250.50,251.30 1 6
github.com/fluid-cloudnative/fluid/pkg/csi/recover/recover.go:254.3,256.10 3 5
github.com/fluid-cloudnative/fluid/pkg/csi/recover/recover.go:268.3,268.53 1 3
github.com/fluid-cloudnative/fluid/pkg/csi/recover/recover.go:251.30,252.12 1 1
github.com/fluid-cloudnative/fluid/pkg/csi/recover/recover.go:256.10,265.12 3 2
github.com/fluid-cloudnative/fluid/pkg/csi/recover/recover.go:268.53,274.4 4 2
github.com/fluid-cloudnative/fluid/pkg/csi/recover/recover.go:279.94,282.19 3 2
github.com/fluid-cloudnative/fluid/pkg/csi/recover/recover.go:286.2,287.16 2 1
github.com/fluid-cloudnative/fluid/pkg/csi/recover/recover.go:292.2,293.16 2 0
github.com/fluid-cloudnative/fluid/pkg/csi/recover/recover.go:297.2,298.96 2 0
github.com/fluid-cloudnative/fluid/pkg/csi/recover/recover.go:282.19,285.3 2 1
github.com/fluid-cloudnative/fluid/pkg/csi/recover/recover.go:287.16,290.3 2 1
github.com/fluid-cloudnative/fluid/pkg/csi/recover/recover.go:293.16,296.3 2 0
github.com/fluid-cloudnative/fluid/pkg/csi/recover/register.go:27.64,29.16 2 0
github.com/fluid-cloudnative/fluid/pkg/csi/recover/register.go:33.2,33.44 1 0
github.com/fluid-cloudnative/fluid/pkg/csi/recover/register.go:37.2,37.12 1 0
github.com/fluid-cloudnative/fluid/pkg/csi/recover/register.go:29.16,31.3 1 0
github.com/fluid-cloudnative/fluid/pkg/csi/recover/register.go:33.44,35.3 1 0
github.com/fluid-cloudnative/fluid/pkg/csi/recover/register.go:41.21,43.2 1 0
github.com/fluid-cloudnative/fluid/pkg/ctrl/affinity.go:30.80,32.48 1 10
github.com/fluid-cloudnative/fluid/pkg/ctrl/affinity.go:36.2,36.61 1 3
github.com/fluid-cloudnative/fluid/pkg/ctrl/affinity.go:40.2,40.112 1 2
github.com/fluid-cloudnative/fluid/pkg/ctrl/affinity.go:44.2,44.125 1 2
github.com/fluid-cloudnative/fluid/pkg/ctrl/affinity.go:53.2,53.8 1 1
github.com/fluid-cloudnative/fluid/pkg/ctrl/affinity.go:32.48,34.3 1 7
github.com/fluid-cloudnative/fluid/pkg/ctrl/affinity.go:36.61,38.3 1 1
github.com/fluid-cloudnative/fluid/pkg/ctrl/affinity.go:40.112,42.3 1 0
github.com/fluid-cloudnative/fluid/pkg/ctrl/affinity.go:44.125,45.62 1 2
github.com/fluid-cloudnative/fluid/pkg/ctrl/affinity.go:45.62,46.52 1 2
github.com/fluid-cloudnative/fluid/pkg/ctrl/affinity.go:46.52,49.5 2 1
github.com/fluid-cloudnative/fluid/pkg/ctrl/affinity.go:57.117,61.44 2 6
github.com/fluid-cloudnative/fluid/pkg/ctrl/affinity.go:64.2,69.56 2 6
github.com/fluid-cloudnative/fluid/pkg/ctrl/affinity.go:169.2,169.8 1 6
github.com/fluid-cloudnative/fluid/pkg/ctrl/affinity.go:61.44,63.3 1 0
github.com/fluid-cloudnative/fluid/pkg/ctrl/affinity.go:69.56,72.17 3 6
github.com/fluid-cloudnative/fluid/pkg/ctrl/affinity.go:78.3,78.32 1 6
github.com/fluid-cloudnative/fluid/pkg/ctrl/affinity.go:131.3,131.70 1 6
github.com/fluid-cloudnative/fluid/pkg/ctrl/affinity.go:135.3,135.121 1 6
github.com/fluid-cloudnative/fluid/pkg/ctrl/affinity.go:139.3,155.39 2 6
github.com/fluid-cloudnative/fluid/pkg/ctrl/affinity.go:162.3,163.17 2 6
github.com/fluid-cloudnative/fluid/pkg/ctrl/affinity.go:72.17,74.4 1 0
github.com/fluid-cloudnative/fluid/pkg/ctrl/affinity.go:78.32,94.4 1 5
github.com/fluid-cloudnative/fluid/pkg/ctrl/affinity.go:94.9,128.4 1 1
github.com/fluid-cloudnative/fluid/pkg/ctrl/affinity.go:131.70,133.4 1 6
github.com/fluid-cloudnative/fluid/pkg/ctrl/affinity.go:135.121,137.4 1 6
github.com/fluid-cloudnative/fluid/pkg/ctrl/affinity.go:155.39,156.49 1 1
github.com/fluid-cloudnative/fluid/pkg/ctrl/affinity.go:156.49,159.5 1 1
github.com/fluid-cloudnative/fluid/pkg/ctrl/affinity.go:163.17,165.4 1 0
github.com/fluid-cloudnative/fluid/pkg/ctrl/ctrl.go:44.104,50.2 1 20
github.com/fluid-cloudnative/fluid/pkg/ctrl/ctrl.go:57.43,60.46 2 4
github.com/fluid-cloudnative/fluid/pkg/ctrl/ctrl.go:79.2,79.80 1 4
github.com/fluid-cloudnative/fluid/pkg/ctrl/ctrl.go:110.2,110.8 1 0
github.com/fluid-cloudnative/fluid/pkg/ctrl/ctrl.go:60.46,64.17 2 3
github.com/fluid-cloudnative/fluid/pkg/ctrl/ctrl.go:68.3,70.17 3 3
github.com/fluid-cloudnative/fluid/pkg/ctrl/ctrl.go:74.3,74.27 1 3
github.com/fluid-cloudnative/fluid/pkg/ctrl/ctrl.go:64.17,66.4 1 0
github.com/fluid-cloudnative/fluid/pkg/ctrl/ctrl.go:70.17,72.4 1 0
github.com/fluid-cloudnative/fluid/pkg/ctrl/ctrl.go:75.8,77.3 1 1
github.com/fluid-cloudnative/fluid/pkg/ctrl/ctrl.go:79.80,82.39 2 4
github.com/fluid-cloudnative/fluid/pkg/ctrl/ctrl.go:92.3,95.42 3 4
github.com/fluid-cloudnative/fluid/pkg/ctrl/ctrl.go:98.3,105.48 4 4
github.com/fluid-cloudnative/fluid/pkg/ctrl/ctrl.go:82.39,83.58 1 2
github.com/fluid-cloudnative/fluid/pkg/ctrl/ctrl.go:83.58,85.5 1 0
github.com/fluid-cloudnative/fluid/pkg/ctrl/ctrl.go:85.10,87.5 1 2
github.com/fluid-cloudnative/fluid/pkg/ctrl/ctrl.go:88.9,90.4 1 2
github.com/fluid-cloudnative/fluid/pkg/ctrl/ctrl.go:95.42,97.4 1 2
github.com/fluid-cloudnative/fluid/pkg/ctrl/ctrl.go:105.48,107.4 1 4
github.com/fluid-cloudnative/fluid/pkg/ctrl/ctrl.go:117.55,124.15 2 4
github.com/fluid-cloudnative/fluid/pkg/ctrl/ctrl.go:132.2,132.40 1 4
github.com/fluid-cloudnative/fluid/pkg/ctrl/ctrl.go:166.2,166.8 1 4
github.com/fluid-cloudnative/fluid/pkg/ctrl/ctrl.go:125.77,126.15 1 3
github.com/fluid-cloudnative/fluid/pkg/ctrl/ctrl.go:127.10,128.54 1 1
github.com/fluid-cloudnative/fluid/pkg/ctrl/ctrl.go:132.40,136.42 3 3
github.com/fluid-cloudnative/fluid/pkg/ctrl/ctrl.go:140.3,140.16 1 3
github.com/fluid-cloudnative/fluid/pkg/ctrl/ctrl.go:152.3,152.22 1 3
github.com/fluid-cloudnative/fluid/pkg/ctrl/ctrl.go:158.3,158.56 1 3
github.com/fluid-cloudnative/fluid/pkg/ctrl/ctrl.go:136.42,138.4 1 3
github.com/fluid-cloudnative/fluid/pkg/ctrl/ctrl.go:141.39,143.52 1 1
github.com/fluid-cloudnative/fluid/pkg/ctrl/ctrl.go:144.46,146.62 1 1
github.com/fluid-cloudnative/fluid/pkg/ctrl/ctrl.go:147.42,149.57 1 1
github.com/fluid-cloudnative/fluid/pkg/ctrl/ctrl.go:152.22,156.4 1 3
github.com/fluid-cloudnative/fluid/pkg/ctrl/ctrl.go:158.56,160.4 1 3
github.com/fluid-cloudnative/fluid/pkg/ctrl/ctrl.go:162.8,164.3 1 1
github.com/fluid-cloudnative/fluid/pkg/ctrl/fuse.go:41.36,46.38 2 2
github.com/fluid-cloudnative/fluid/pkg/ctrl/fuse.go:50.2,51.41 2 2
github.com/fluid-cloudnative/fluid/pkg/ctrl/fuse.go:55.2,55.13 1 2
github.com/fluid-cloudnative/fluid/pkg/ctrl/fuse.go:96.2,96.16 1 2
github.com/fluid-cloudnative/fluid/pkg/ctrl/fuse.go:100.2,101.47 2 1
github.com/fluid-cloudnative/fluid/pkg/ctrl/fuse.go:105.2,105.8 1 0
github.com/fluid-cloudnative/fluid/pkg/ctrl/fuse.go:46.38,48.3 1 1
github.com/fluid-cloudnative/fluid/pkg/ctrl/fuse.go:51.41,53.3 1 2
github.com/fluid-cloudnative/fluid/pkg/ctrl/fuse.go:55.13,60.50 3 1
github.com/fluid-cloudnative/fluid/pkg/ctrl/fuse.go:65.3,65.60 1 1
github.com/fluid-cloudnative/fluid/pkg/ctrl/fuse.go:60.50,64.4 1 1
github.com/fluid-cloudnative/fluid/pkg/ctrl/fuse.go:66.8,72.50 3 1
github.com/fluid-cloudnative/fluid/pkg/ctrl/fuse.go:77.3,81.17 3 1
github.com/fluid-cloudnative/fluid/pkg/ctrl/fuse.go:86.3,93.82 2 1
github.com/fluid-cloudnative/fluid/pkg/ctrl/fuse.go:72.50,76.4 1 1
github.com/fluid-cloudnative/fluid/pkg/ctrl/fuse.go:81.17,83.4 1 0
github.com/fluid-cloudnative/fluid/pkg/ctrl/fuse.go:96.16,98.3 1 1
github.com/fluid-cloudnative/fluid/pkg/ctrl/fuse.go:101.47,103.3 1 1
github.com/fluid-cloudnative/fluid/pkg/ctrl/fuse.go:109.55,118.16 5 3
github.com/fluid-cloudnative/fluid/pkg/ctrl/fuse.go:122.2,125.16 2 3
github.com/fluid-cloudnative/fluid/pkg/ctrl/fuse.go:129.2,130.21 2 3
github.com/fluid-cloudnative/fluid/pkg/ctrl/fuse.go:137.2,140.29 3 2
github.com/fluid-cloudnative/fluid/pkg/ctrl/fuse.go:149.2,149.8 1 2
github.com/fluid-cloudnative/fluid/pkg/ctrl/fuse.go:118.16,120.3 1 0
github.com/fluid-cloudnative/fluid/pkg/ctrl/fuse.go:125.16,127.3 1 0
github.com/fluid-cloudnative/fluid/pkg/ctrl/fuse.go:130.21,133.3 2 1
github.com/fluid-cloudnative/fluid/pkg/ctrl/fuse.go:133.8,135.3 1 2
github.com/fluid-cloudnative/fluid/pkg/ctrl/fuse.go:140.29,142.17 2 3
github.com/fluid-cloudnative/fluid/pkg/ctrl/fuse.go:146.3,146.10 1 3
github.com/fluid-cloudnative/fluid/pkg/ctrl/fuse.go:142.17,145.4 2 0
github.com/fluid-cloudnative/fluid/pkg/ctrl/master.go:40.39,46.53 2 2
github.com/fluid-cloudnative/fluid/pkg/ctrl/master.go:50.2,51.41 2 2
github.com/fluid-cloudnative/fluid/pkg/ctrl/master.go:55.2,55.13 1 2
github.com/fluid-cloudnative/fluid/pkg/ctrl/master.go:104.2,105.47 2 2
github.com/fluid-cloudnative/fluid/pkg/ctrl/master.go:112.2,112.16 1 2
github.com/fluid-cloudnative/fluid/pkg/ctrl/master.go:116.2,116.8 1 1
github.com/fluid-cloudnative/fluid/pkg/ctrl/master.go:46.53,48.3 1 1
github.com/fluid-cloudnative/fluid/pkg/ctrl/master.go:51.41,53.3 1 2
github.com/fluid-cloudnative/fluid/pkg/ctrl/master.go:55.13,60.50 3 1
github.com/fluid-cloudnative/fluid/pkg/ctrl/master.go:65.3,65.62 1 1
github.com/fluid-cloudnative/fluid/pkg/ctrl/master.go:60.50,64.4 1 1
github.com/fluid-cloudnative/fluid/pkg/ctrl/master.go:67.8,73.50 3 1
github.com/fluid-cloudnative/fluid/pkg/ctrl/master.go:78.3,83.17 3 1
github.com/fluid-cloudnative/fluid/pkg/ctrl/master.go:87.3,88.17 2 1
github.com/fluid-cloudnative/fluid/pkg/ctrl/master.go:93.3,100.84 2 1
github.com/fluid-cloudnative/fluid/pkg/ctrl/master.go:73.50,77.4 1 1
github.com/fluid-cloudnative/fluid/pkg/ctrl/master.go:83.17,85.4 1 0
github.com/fluid-cloudnative/fluid/pkg/ctrl/master.go:88.17,90.4 1 0
github.com/fluid-cloudnative/fluid/pkg/ctrl/master.go:105.47,107.23 2 2
github.com/fluid-cloudnative/fluid/pkg/ctrl/master.go:107.23,109.4 1 0
github.com/fluid-cloudnative/fluid/pkg/ctrl/master.go:112.16,114.3 1 1
github.com/fluid-cloudnative/fluid/pkg/ctrl/replicas.go:34.43,38.70 2 3
github.com/fluid-cloudnative/fluid/pkg/ctrl/replicas.go:77.2,77.8 1 2
github.com/fluid-cloudnative/fluid/pkg/ctrl/replicas.go:38.70,41.42 2 2
github.com/fluid-cloudnative/fluid/pkg/ctrl/replicas.go:45.3,45.70 1 2
github.com/fluid-cloudnative/fluid/pkg/ctrl/replicas.go:52.3,56.70 2 2
github.com/fluid-cloudnative/fluid/pkg/ctrl/replicas.go:67.3,68.17 2 2
github.com/fluid-cloudnative/fluid/pkg/ctrl/replicas.go:41.42,43.4 1 2
github.com/fluid-cloudnative/fluid/pkg/ctrl/replicas.go:45.70,48.4 1 1
github.com/fluid-cloudnative/fluid/pkg/ctrl/replicas.go:48.9,51.4 1 1
github.com/fluid-cloudnative/fluid/pkg/ctrl/replicas.go:56.70,60.4 1 1
github.com/fluid-cloudnative/fluid/pkg/ctrl/replicas.go:60.9,64.4 1 1
github.com/fluid-cloudnative/fluid/pkg/ctrl/replicas.go:68.17,70.4 1 0
github.com/fluid-cloudnative/fluid/pkg/ctrl/replicas.go:72.8,75.3 2 1
github.com/fluid-cloudnative/fluid/pkg/ctrl/worker.go:45.119,47.16 2 3
github.com/fluid-cloudnative/fluid/pkg/ctrl/worker.go:61.2,61.8 1 2
github.com/fluid-cloudnative/fluid/pkg/ctrl/worker.go:47.16,48.30 1 2
github.com/fluid-cloudnative/fluid/pkg/ctrl/worker.go:48.30,52.20 2 2
github.com/fluid-cloudnative/fluid/pkg/ctrl/worker.go:52.20,57.5 1 1
github.com/fluid-cloudnative/fluid/pkg/ctrl/worker.go:67.39,74.82 2 3
github.com/fluid-cloudnative/fluid/pkg/ctrl/worker.go:78.2,79.41 2 3
github.com/fluid-cloudnative/fluid/pkg/ctrl/worker.go:83.2,83.13 1 3
github.com/fluid-cloudnative/fluid/pkg/ctrl/worker.go:135.2,136.47 2 3
github.com/fluid-cloudnative/fluid/pkg/ctrl/worker.go:143.2,143.16 1 3
github.com/fluid-cloudnative/fluid/pkg/ctrl/worker.go:147.2,147.8 1 2
github.com/fluid-cloudnative/fluid/pkg/ctrl/worker.go:74.82,76.3 1 2
github.com/fluid-cloudnative/fluid/pkg/ctrl/worker.go:79.41,81.3 1 3
github.com/fluid-cloudnative/fluid/pkg/ctrl/worker.go:83.13,85.54 2 2
github.com/fluid-cloudnative/fluid/pkg/ctrl/worker.go:94.3,95.50 2 2
github.com/fluid-cloudnative/fluid/pkg/ctrl/worker.go:85.54,89.4 2 1
github.com/fluid-cloudnative/fluid/pkg/ctrl/worker.go:89.9,93.4 2 1
github.com/fluid-cloudnative/fluid/pkg/ctrl/worker.go:95.50,99.4 1 2
github.com/fluid-cloudnative/fluid/pkg/ctrl/worker.go:100.8,106.50 3 1
github.com/fluid-cloudnative/fluid/pkg/ctrl/worker.go:111.3,115.17 3 1
github.com/fluid-cloudnative/fluid/pkg/ctrl/worker.go:119.3,120.17 2 1
github.com/fluid-cloudnative/fluid/pkg/ctrl/worker.go:125.3,132.85 2 1
github.com/fluid-cloudnative/fluid/pkg/ctrl/worker.go:106.50,110.4 1 1
github.com/fluid-cloudnative/fluid/pkg/ctrl/worker.go:115.17,117.4 1 0
github.com/fluid-cloudnative/fluid/pkg/ctrl/worker.go:120.17,122.4 1 0
github.com/fluid-cloudnative/fluid/pkg/ctrl/worker.go:136.47,138.23 2 3
github.com/fluid-cloudnative/fluid/pkg/ctrl/worker.go:138.23,140.4 1 0
github.com/fluid-cloudnative/fluid/pkg/ctrl/worker.go:143.16,145.3 1 1
github.com/fluid-cloudnative/fluid/pkg/application/inject/fuse/injector.go:45.13,47.2 1 1
github.com/fluid-cloudnative/fluid/pkg/application/inject/fuse/injector.go:53.50,57.2 1 7
github.com/fluid-cloudnative/fluid/pkg/application/inject/fuse/injector.go:60.126,63.16 3 4
github.com/fluid-cloudnative/fluid/pkg/application/inject/fuse/injector.go:66.2,67.12 2 4
github.com/fluid-cloudnative/fluid/pkg/application/inject/fuse/injector.go:71.2,71.8 1 4
github.com/fluid-cloudnative/fluid/pkg/application/inject/fuse/injector.go:63.16,65.3 1 0
github.com/fluid-cloudnative/fluid/pkg/application/inject/fuse/injector.go:67.12,69.3 1 0
github.com/fluid-cloudnative/fluid/pkg/application/inject/fuse/injector.go:74.133,84.40 3 8
github.com/fluid-cloudnative/fluid/pkg/application/inject/fuse/injector.go:108.2,108.25 1 7
github.com/fluid-cloudnative/fluid/pkg/application/inject/fuse/injector.go:138.2,145.16 4 7
github.com/fluid-cloudnative/fluid/pkg/application/inject/fuse/injector.go:149.2,149.27 1 6
github.com/fluid-cloudnative/fluid/pkg/application/inject/fuse/injector.go:314.2,315.16 2 6
github.com/fluid-cloudnative/fluid/pkg/application/inject/fuse/injector.go:319.2,320.16 2 5
github.com/fluid-cloudnative/fluid/pkg/application/inject/fuse/injector.go:323.2,323.17 1 5
github.com/fluid-cloudnative/fluid/pkg/application/inject/fuse/injector.go:84.40,87.35 2 1
github.com/fluid-cloudnative/fluid/pkg/application/inject/fuse/injector.go:105.3,105.21 1 1
github.com/fluid-cloudnative/fluid/pkg/application/inject/fuse/injector.go:87.35,89.41 2 1
github.com/fluid-cloudnative/fluid/pkg/application/inject/fuse/injector.go:92.4,92.18 1 1
github.com/fluid-cloudnative/fluid/pkg/application/inject/fuse/injector.go:96.4,97.18 2 1
github.com/fluid-cloudnative/fluid/pkg/application/inject/fuse/injector.go:101.4,103.24 3 1
github.com/fluid-cloudnative/fluid/pkg/application/inject/fuse/injector.go:89.41,90.13 1 0
github.com/fluid-cloudnative/fluid/pkg/application/inject/fuse/injector.go:92.18,94.5 1 0
github.com/fluid-cloudnative/fluid/pkg/application/inject/fuse/injector.go:97.18,99.5 1 0
github.com/fluid-cloudnative/fluid/pkg/application/inject/fuse/injector.go:109.19,113.43 4 5
github.com/fluid-cloudnative/fluid/pkg/application/inject/fuse/injector.go:114.38,126.49 4 1
github.com/fluid-cloudnative/fluid/pkg/application/inject/fuse/injector.go:127.22,132.47 5 1
github.com/fluid-cloudnative/fluid/pkg/application/inject/fuse/injector.go:133.10,135.56 2 0
github.com/fluid-cloudnative/fluid/pkg/application/inject/fuse/injector.go:145.16,147.3 1 1
github.com/fluid-cloudnative/fluid/pkg/application/inject/fuse/injector.go:149.27,151.17 2 5
github.com/fluid-cloudnative/fluid/pkg/application/inject/fuse/injector.go:156.3,156.90 1 5
github.com/fluid-cloudnative/fluid/pkg/application/inject/fuse/injector.go:161.3,164.17 4 5
github.com/fluid-cloudnative/fluid/pkg/application/inject/fuse/injector.go:169.3,170.17 2 5
github.com/fluid-cloudnative/fluid/pkg/application/inject/fuse/injector.go:175.3,176.17 2 5
github.com/fluid-cloudnative/fluid/pkg/application/inject/fuse/injector.go:180.3,182.13 3 5
github.com/fluid-cloudnative/fluid/pkg/application/inject/fuse/injector.go:191.3,193.34 3 5
github.com/fluid-cloudnative/fluid/pkg/application/inject/fuse/injector.go:205.3,206.37 2 5
github.com/fluid-cloudnative/fluid/pkg/application/inject/fuse/injector.go:250.3,251.17 2 5
github.com/fluid-cloudnative/fluid/pkg/application/inject/fuse/injector.go:256.3,257.17 2 5
github.com/fluid-cloudnative/fluid/pkg/application/inject/fuse/injector.go:262.3,262.32 1 5
github.com/fluid-cloudnative/fluid/pkg/application/inject/fuse/injector.go:275.3,276.53 2 5
github.com/fluid-cloudnative/fluid/pkg/application/inject/fuse/injector.go:283.3,283.26 1 5
github.com/fluid-cloudnative/fluid/pkg/application/inject/fuse/injector.go:288.3,289.40 2 5
github.com/fluid-cloudnative/fluid/pkg/application/inject/fuse/injector.go:299.3,300.17 2 5
github.com/fluid-cloudnative/fluid/pkg/application/inject/fuse/injector.go:305.3,307.17 3 5
github.com/fluid-cloudnative/fluid/pkg/application/inject/fuse/injector.go:151.17,153.4 1 0
github.com/fluid-cloudnative/fluid/pkg/application/inject/fuse/injector.go:156.90,157.12 1 0
github.com/fluid-cloudnative/fluid/pkg/application/inject/fuse/injector.go:164.17,166.4 1 0
github.com/fluid-cloudnative/fluid/pkg/application/inject/fuse/injector.go:170.17,172.4 1 0
github.com/fluid-cloudnative/fluid/pkg/application/inject/fuse/injector.go:176.17,178.4 1 0
github.com/fluid-cloudnative/fluid/pkg/application/inject/fuse/injector.go:182.13,188.12 2 0
github.com/fluid-cloudnative/fluid/pkg/application/inject/fuse/injector.go:193.34,194.96 1 5
github.com/fluid-cloudnative/fluid/pkg/application/inject/fuse/injector.go:200.4,200.50 1 5
github.com/fluid-cloudnative/fluid/pkg/application/inject/fuse/injector.go:194.96,199.5 4 5
github.com/fluid-cloudnative/fluid/pkg/application/inject/fuse/injector.go:206.37,209.54 2 5
github.com/fluid-cloudnative/fluid/pkg/application/inject/fuse/injector.go:248.4,248.61 1 5
github.com/fluid-cloudnative/fluid/pkg/application/inject/fuse/injector.go:209.54,210.61 1 19
github.com/fluid-cloudnative/fluid/pkg/application/inject/fuse/injector.go:210.61,212.6 1 16
github.com/fluid-cloudnative/fluid/pkg/application/inject/fuse/injector.go:212.11,215.10 3 3
github.com/fluid-cloudnative/fluid/pkg/application/inject/fuse/injector.go:239.6,244.40 5 3
github.com/fluid-cloudnative/fluid/pkg/application/inject/fuse/injector.go:215.10,216.60 1 3
github.com/fluid-cloudnative/fluid/pkg/application/inject/fuse/injector.go:216.60,217.13 1 3
github.com/fluid-cloudnative/fluid/pkg/application/inject/fuse/injector.go:218.13,219.19 1 0
github.com/fluid-cloudnative/fluid/pkg/application/inject/fuse/injector.go:229.8,235.11 4 0
github.com/fluid-cloudnative/fluid/pkg/application/inject/fuse/injector.go:219.19,228.9 2 0
github.com/fluid-cloudnative/fluid/pkg/application/inject/fuse/injector.go:251.17,253.4 1 0
github.com/fluid-cloudnative/fluid/pkg/application/inject/fuse/injector.go:257.17,259.4 1 0
github.com/fluid-cloudnative/fluid/pkg/application/inject/fuse/injector.go:262.32,263.42 1 5
github.com/fluid-cloudnative/fluid/pkg/application/inject/fuse/injector.go:263.42,266.23 2 1
github.com/fluid-cloudnative/fluid/pkg/application/inject/fuse/injector.go:270.5,272.10 3 1
github.com/fluid-cloudnative/fluid/pkg/application/inject/fuse/injector.go:266.23,269.6 1 0
github.com/fluid-cloudnative/fluid/pkg/application/inject/fuse/injector.go:276.53,277.59 1 3
github.com/fluid-cloudnative/fluid/pkg/application/inject/fuse/injector.go:277.59,278.36 1 12
github.com/fluid-cloudnative/fluid/pkg/application/inject/fuse/injector.go:278.36,280.6 1 3
github.com/fluid-cloudnative/fluid/pkg/application/inject/fuse/injector.go:283.26,285.4 1 4
github.com/fluid-cloudnative/fluid/pkg/application/inject/fuse/injector.go:289.40,290.50 1 10
github.com/fluid-cloudnative/fluid/pkg/application/inject/fuse/injector.go:290.50,291.56 1 5
github.com/fluid-cloudnative/fluid/pkg/application/inject/fuse/injector.go:291.56,292.68 1 5
github.com/fluid-cloudnative/fluid/pkg/application/inject/fuse/injector.go:292.68,294.7 1 5
github.com/fluid-cloudnative/fluid/pkg/application/inject/fuse/injector.go:300.17,302.4 1 0
github.com/fluid-cloudnative/fluid/pkg/application/inject/fuse/injector.go:307.17,309.4 1 0
github.com/fluid-cloudnative/fluid/pkg/application/inject/fuse/injector.go:315.16,317.3 1 1
github.com/fluid-cloudnative/fluid/pkg/application/inject/fuse/injector.go:320.16,322.3 1 0
github.com/fluid-cloudnative/fluid/pkg/application/inject/fuse/injector.go:326.129,327.49 1 7
github.com/fluid-cloudnative/fluid/pkg/application/inject/fuse/injector.go:337.2,337.8 1 5
github.com/fluid-cloudnative/fluid/pkg/application/inject/fuse/injector.go:327.49,329.17 2 7
github.com/fluid-cloudnative/fluid/pkg/application/inject/fuse/injector.go:332.3,332.28 1 5
github.com/fluid-cloudnative/fluid/pkg/application/inject/fuse/injector.go:329.17,331.4 1 2
github.com/fluid-cloudnative/fluid/pkg/application/inject/fuse/injector.go:332.28,334.4 1 0
github.com/fluid-cloudnative/fluid/pkg/application/inject/fuse/injector.go:340.173,342.2 1 0
github.com/fluid-cloudnative/fluid/pkg/ctrl/watch/runtime.go:11.95,12.40 1 1
github.com/fluid-cloudnative/fluid/pkg/ctrl/watch/runtime.go:12.40,14.10 2 3
github.com/fluid-cloudnative/fluid/pkg/ctrl/watch/runtime.go:19.3,19.45 1 2
github.com/fluid-cloudnative/fluid/pkg/ctrl/watch/runtime.go:23.3,24.14 2 1
github.com/fluid-cloudnative/fluid/pkg/ctrl/watch/runtime.go:14.10,17.4 2 1
github.com/fluid-cloudnative/fluid/pkg/ctrl/watch/runtime.go:19.45,21.4 1 1
github.com/fluid-cloudnative/fluid/pkg/ctrl/watch/runtime.go:28.95,29.53 1 1
github.com/fluid-cloudnative/fluid/pkg/ctrl/watch/runtime.go:29.53,31.10 2 4
github.com/fluid-cloudnative/fluid/pkg/ctrl/watch/runtime.go:36.3,37.10 2 3
github.com/fluid-cloudnative/fluid/pkg/ctrl/watch/runtime.go:42.3,42.73 1 2
github.com/fluid-cloudnative/fluid/pkg/ctrl/watch/runtime.go:47.3,48.14 2 1
github.com/fluid-cloudnative/fluid/pkg/ctrl/watch/runtime.go:31.10,34.4 2 1
github.com/fluid-cloudnative/fluid/pkg/ctrl/watch/runtime.go:37.10,40.4 2 1
github.com/fluid-cloudnative/fluid/pkg/ctrl/watch/runtime.go:42.73,45.4 2 1
github.com/fluid-cloudnative/fluid/pkg/ctrl/watch/runtime.go:52.95,53.40 1 1
github.com/fluid-cloudnative/fluid/pkg/ctrl/watch/runtime.go:53.40,55.10 2 2
github.com/fluid-cloudnative/fluid/pkg/ctrl/watch/runtime.go:60.3,61.14 2 1
github.com/fluid-cloudnative/fluid/pkg/ctrl/watch/runtime.go:55.10,58.4 2 1
github.com/fluid-cloudnative/fluid/pkg/ctrl/watch/statefulset.go:27.99,28.51 1 1
github.com/fluid-cloudnative/fluid/pkg/ctrl/watch/statefulset.go:28.51,30.10 2 3
github.com/fluid-cloudnative/fluid/pkg/ctrl/watch/statefulset.go:35.3,35.43 1 2
github.com/fluid-cloudnative/fluid/pkg/ctrl/watch/statefulset.go:39.3,39.41 1 1
github.com/fluid-cloudnative/fluid/pkg/ctrl/watch/statefulset.go:43.3,44.14 2 1
github.com/fluid-cloudnative/fluid/pkg/ctrl/watch/statefulset.go:30.10,33.4 2 1
github.com/fluid-cloudnative/fluid/pkg/ctrl/watch/statefulset.go:35.43,37.4 1 1
github.com/fluid-cloudnative/fluid/pkg/ctrl/watch/statefulset.go:39.41,41.4 1 0
github.com/fluid-cloudnative/fluid/pkg/ctrl/watch/statefulset.go:48.99,49.53 1 1
github.com/fluid-cloudnative/fluid/pkg/ctrl/watch/statefulset.go:49.53,51.10 2 4
github.com/fluid-cloudnative/fluid/pkg/ctrl/watch/statefulset.go:56.3,56.44 1 3
github.com/fluid-cloudnative/fluid/pkg/ctrl/watch/statefulset.go:60.3,61.10 2 2
github.com/fluid-cloudnative/fluid/pkg/ctrl/watch/statefulset.go:66.3,66.81 1 2
github.com/fluid-cloudnative/fluid/pkg/ctrl/watch/statefulset.go:71.3,72.14 2 1
github.com/fluid-cloudnative/fluid/pkg/ctrl/watch/statefulset.go:51.10,54.4 2 1
github.com/fluid-cloudnative/fluid/pkg/ctrl/watch/statefulset.go:56.44,58.4 1 1
github.com/fluid-cloudnative/fluid/pkg/ctrl/watch/statefulset.go:61.10,64.4 2 0
github.com/fluid-cloudnative/fluid/pkg/ctrl/watch/statefulset.go:66.81,69.4 2 1
github.com/fluid-cloudnative/fluid/pkg/ctrl/watch/statefulset.go:76.99,77.40 1 1
github.com/fluid-cloudnative/fluid/pkg/ctrl/watch/statefulset.go:77.40,79.10 2 2
github.com/fluid-cloudnative/fluid/pkg/ctrl/watch/statefulset.go:84.3,84.41 1 1
github.com/fluid-cloudnative/fluid/pkg/ctrl/watch/statefulset.go:88.3,89.14 2 1
github.com/fluid-cloudnative/fluid/pkg/ctrl/watch/statefulset.go:79.10,82.4 2 1
github.com/fluid-cloudnative/fluid/pkg/ctrl/watch/statefulset.go:84.41,86.4 1 0
github.com/fluid-cloudnative/fluid/pkg/ctrl/watch/app_manager.go:27.108,30.16 3 0
github.com/fluid-cloudnative/fluid/pkg/ctrl/watch/app_manager.go:34.2,40.16 3 0
github.com/fluid-cloudnative/fluid/pkg/ctrl/watch/app_manager.go:44.2,44.8 1 0
github.com/fluid-cloudnative/fluid/pkg/ctrl/watch/app_manager.go:30.16,32.3 1 0
github.com/fluid-cloudnative/fluid/pkg/ctrl/watch/app_manager.go:40.16,43.3 2 0
github.com/fluid-cloudnative/fluid/pkg/ctrl/watch/daemonset.go:27.97,28.51 1 1
github.com/fluid-cloudnative/fluid/pkg/ctrl/watch/daemonset.go:28.51,30.10 2 3
github.com/fluid-cloudnative/fluid/pkg/ctrl/watch/daemonset.go:35.3,35.39 1 2
github.com/fluid-cloudnative/fluid/pkg/ctrl/watch/daemonset.go:39.3,40.14 2 1
github.com/fluid-cloudnative/fluid/pkg/ctrl/watch/daemonset.go:30.10,33.4 2 1
github.com/fluid-cloudnative/fluid/pkg/ctrl/watch/daemonset.go:35.39,37.4 1 1
github.com/fluid-cloudnative/fluid/pkg/ctrl/watch/daemonset.go:44.97,45.53 1 1
github.com/fluid-cloudnative/fluid/pkg/ctrl/watch/daemonset.go:45.53,47.10 2 4
github.com/fluid-cloudnative/fluid/pkg/ctrl/watch/daemonset.go:52.3,52.42 1 3
github.com/fluid-cloudnative/fluid/pkg/ctrl/watch/daemonset.go:56.3,57.10 2 2
github.com/fluid-cloudnative/fluid/pkg/ctrl/watch/daemonset.go:62.3,62.77 1 2
github.com/fluid-cloudnative/fluid/pkg/ctrl/watch/daemonset.go:67.3,68.14 2 1
github.com/fluid-cloudnative/fluid/pkg/ctrl/watch/daemonset.go:47.10,50.4 2 1
github.com/fluid-cloudnative/fluid/pkg/ctrl/watch/daemonset.go:52.42,54.4 1 1
github.com/fluid-cloudnative/fluid/pkg/ctrl/watch/daemonset.go:57.10,60.4 2 0
github.com/fluid-cloudnative/fluid/pkg/ctrl/watch/daemonset.go:62.77,65.4 2 1
github.com/fluid-cloudnative/fluid/pkg/ctrl/watch/daemonset.go:72.97,73.40 1 1
github.com/fluid-cloudnative/fluid/pkg/ctrl/watch/daemonset.go:73.40,75.10 2 2
github.com/fluid-cloudnative/fluid/pkg/ctrl/watch/daemonset.go:80.3,80.39 1 1
github.com/fluid-cloudnative/fluid/pkg/ctrl/watch/daemonset.go:84.3,85.14 2 1
github.com/fluid-cloudnative/fluid/pkg/ctrl/watch/daemonset.go:75.10,78.4 2 1
github.com/fluid-cloudnative/fluid/pkg/ctrl/watch/daemonset.go:80.39,82.4 1 0
github.com/fluid-cloudnative/fluid/pkg/ctrl/watch/fake_runtime_reconciler.go:20.118,22.2 1 0
github.com/fluid-cloudnative/fluid/pkg/ctrl/watch/fake_runtime_reconciler.go:25.57,27.2 1 1
github.com/fluid-cloudnative/fluid/pkg/ctrl/watch/fake_runtime_reconciler.go:30.69,37.2 1 10
github.com/fluid-cloudnative/fluid/pkg/ctrl/watch/fake_runtime_reconciler.go:45.114,47.2 1 0
github.com/fluid-cloudnative/fluid/pkg/ctrl/watch/fake_runtime_reconciler.go:50.53,52.2 1 0
github.com/fluid-cloudnative/fluid/pkg/ctrl/watch/fake_runtime_reconciler.go:55.65,57.2 1 0
github.com/fluid-cloudnative/fluid/pkg/ctrl/watch/manager.go:55.105,58.16 3 0
github.com/fluid-cloudnative/fluid/pkg/ctrl/watch/manager.go:62.2,68.16 3 0
github.com/fluid-cloudnative/fluid/pkg/ctrl/watch/manager.go:73.2,82.16 3 0
github.com/fluid-cloudnative/fluid/pkg/ctrl/watch/manager.go:86.2,95.16 3 0
github.com/fluid-cloudnative/fluid/pkg/ctrl/watch/manager.go:99.2,99.8 1 0
github.com/fluid-cloudnative/fluid/pkg/ctrl/watch/manager.go:58.16,60.3 1 0
github.com/fluid-cloudnative/fluid/pkg/ctrl/watch/manager.go:68.16,71.3 2 0
github.com/fluid-cloudnative/fluid/pkg/ctrl/watch/manager.go:82.16,84.3 1 0
github.com/fluid-cloudnative/fluid/pkg/ctrl/watch/manager.go:95.16,97.3 1 0
github.com/fluid-cloudnative/fluid/pkg/ctrl/watch/manager.go:103.72,104.108 1 14
github.com/fluid-cloudnative/fluid/pkg/ctrl/watch/manager.go:110.2,110.16 1 14
github.com/fluid-cloudnative/fluid/pkg/ctrl/watch/manager.go:104.108,107.3 2 9
github.com/fluid-cloudnative/fluid/pkg/ctrl/watch/manager.go:107.8,109.3 1 5
github.com/fluid-cloudnative/fluid/pkg/ctrl/watch/manager.go:114.78,121.2 3 9
github.com/fluid-cloudnative/fluid/pkg/ctrl/watch/manager.go:123.115,132.16 5 0
github.com/fluid-cloudnative/fluid/pkg/ctrl/watch/manager.go:136.2,145.16 3 0
github.com/fluid-cloudnative/fluid/pkg/ctrl/watch/manager.go:150.2,150.8 1 0
github.com/fluid-cloudnative/fluid/pkg/ctrl/watch/manager.go:132.16,134.3 1 0
github.com/fluid-cloudnative/fluid/pkg/ctrl/watch/manager.go:145.16,148.3 2 0
github.com/fluid-cloudnative/fluid/pkg/ctrl/watch/mutatingwebhookconfiguration.go:27.122,28.51 1 3
github.com/fluid-cloudnative/fluid/pkg/ctrl/watch/mutatingwebhookconfiguration.go:28.51,30.10 2 3
github.com/fluid-cloudnative/fluid/pkg/ctrl/watch/mutatingwebhookconfiguration.go:35.3,35.60 1 2
github.com/fluid-cloudnative/fluid/pkg/ctrl/watch/mutatingwebhookconfiguration.go:40.3,41.14 2 1
github.com/fluid-cloudnative/fluid/pkg/ctrl/watch/mutatingwebhookconfiguration.go:30.10,33.4 2 1
github.com/fluid-cloudnative/fluid/pkg/ctrl/watch/mutatingwebhookconfiguration.go:35.60,38.4 2 1
github.com/fluid-cloudnative/fluid/pkg/ctrl/watch/mutatingwebhookconfiguration.go:45.122,46.53 1 3
github.com/fluid-cloudnative/fluid/pkg/ctrl/watch/mutatingwebhookconfiguration.go:46.53,48.10 2 3
github.com/fluid-cloudnative/fluid/pkg/ctrl/watch/mutatingwebhookconfiguration.go:53.3,54.10 2 2
github.com/fluid-cloudnative/fluid/pkg/ctrl/watch/mutatingwebhookconfiguration.go:59.3,59.123 1 2
github.com/fluid-cloudnative/fluid/pkg/ctrl/watch/mutatingwebhookconfiguration.go:64.3,64.108 1 1
github.com/fluid-cloudnative/fluid/pkg/ctrl/watch/mutatingwebhookconfiguration.go:69.3,70.14 2 1
github.com/fluid-cloudnative/fluid/pkg/ctrl/watch/mutatingwebhookconfiguration.go:48.10,51.4 2 1
github.com/fluid-cloudnative/fluid/pkg/ctrl/watch/mutatingwebhookconfiguration.go:54.10,57.4 2 0
github.com/fluid-cloudnative/fluid/pkg/ctrl/watch/mutatingwebhookconfiguration.go:59.123,62.4 2 1
github.com/fluid-cloudnative/fluid/pkg/ctrl/watch/mutatingwebhookconfiguration.go:64.108,67.4 2 0
github.com/fluid-cloudnative/fluid/pkg/ctrl/watch/mutatingwebhookconfiguration.go:74.122,75.40 1 0
github.com/fluid-cloudnative/fluid/pkg/ctrl/watch/mutatingwebhookconfiguration.go:75.40,77.3 1 0
github.com/fluid-cloudnative/fluid/pkg/ctrl/watch/pod.go:29.85,30.51 1 1
github.com/fluid-cloudnative/fluid/pkg/ctrl/watch/pod.go:30.51,33.3 1 2
github.com/fluid-cloudnative/fluid/pkg/ctrl/watch/pod.go:36.85,37.53 1 1
github.com/fluid-cloudnative/fluid/pkg/ctrl/watch/pod.go:37.53,39.10 2 4
github.com/fluid-cloudnative/fluid/pkg/ctrl/watch/pod.go:44.3,45.10 2 3
github.com/fluid-cloudnative/fluid/pkg/ctrl/watch/pod.go:50.3,50.65 1 3
github.com/fluid-cloudnative/fluid/pkg/ctrl/watch/pod.go:56.3,56.29 1 1
github.com/fluid-cloudnative/fluid/pkg/ctrl/watch/pod.go:60.3,61.14 2 1
github.com/fluid-cloudnative/fluid/pkg/ctrl/watch/pod.go:39.10,42.4 2 1
github.com/fluid-cloudnative/fluid/pkg/ctrl/watch/pod.go:45.10,48.4 2 0
github.com/fluid-cloudnative/fluid/pkg/ctrl/watch/pod.go:50.65,53.4 2 2
github.com/fluid-cloudnative/fluid/pkg/ctrl/watch/pod.go:56.29,58.4 1 0
github.com/fluid-cloudnative/fluid/pkg/ctrl/watch/pod.go:65.85,66.40 1 1
github.com/fluid-cloudnative/fluid/pkg/ctrl/watch/pod.go:66.40,69.3 1 2
github.com/fluid-cloudnative/fluid/pkg/ctrl/watch/pod.go:72.42,73.16 1 9
github.com/fluid-cloudnative/fluid/pkg/ctrl/watch/pod.go:78.2,78.42 1 9
github.com/fluid-cloudnative/fluid/pkg/ctrl/watch/pod.go:84.2,84.58 1 8
github.com/fluid-cloudnative/fluid/pkg/ctrl/watch/pod.go:90.2,91.41 2 7
github.com/fluid-cloudnative/fluid/pkg/ctrl/watch/pod.go:96.2,96.12 1 7
github.com/fluid-cloudnative/fluid/pkg/ctrl/watch/pod.go:102.2,104.63 3 6
github.com/fluid-cloudnative/fluid/pkg/ctrl/watch/pod.go:120.2,120.33 1 6
github.com/fluid-cloudnative/fluid/pkg/ctrl/watch/pod.go:73.16,75.3 1 0
github.com/fluid-cloudnative/fluid/pkg/ctrl/watch/pod.go:78.42,81.3 2 1
github.com/fluid-cloudnative/fluid/pkg/ctrl/watch/pod.go:84.58,87.3 2 1
github.com/fluid-cloudnative/fluid/pkg/ctrl/watch/pod.go:91.41,92.42 1 15
github.com/fluid-cloudnative/fluid/pkg/ctrl/watch/pod.go:92.42,94.4 1 6
github.com/fluid-cloudnative/fluid/pkg/ctrl/watch/pod.go:96.12,99.3 2 1
github.com/fluid-cloudnative/fluid/pkg/ctrl/watch/pod.go:104.63,105.55 1 14
github.com/fluid-cloudnative/fluid/pkg/ctrl/watch/pod.go:113.3,113.55 1 14
github.com/fluid-cloudnative/fluid/pkg/ctrl/watch/pod.go:105.55,106.97 1 8
github.com/fluid-cloudnative/fluid/pkg/ctrl/watch/pod.go:106.97,108.5 1 6
github.com/fluid-cloudnative/fluid/pkg/ctrl/watch/pod.go:108.10,111.5 1 2
github.com/fluid-cloudnative/fluid/pkg/ctrl/watch/pod.go:113.55,114.97 1 6
github.com/fluid-cloudnative/fluid/pkg/ctrl/watch/pod.go:114.97,117.5 2 1
github.com/fluid-cloudnative/fluid/pkg/ddc/base/portallocator/port_allocator.go:49.143,52.2 2 2
github.com/fluid-cloudnative/fluid/pkg/ddc/base/portallocator/port_allocator.go:56.63,57.19 1 2
github.com/fluid-cloudnative/fluid/pkg/ddc/base/portallocator/port_allocator.go:62.2,62.17 1 1
github.com/fluid-cloudnative/fluid/pkg/ddc/base/portallocator/port_allocator.go:57.19,58.61 1 2
github.com/fluid-cloudnative/fluid/pkg/ddc/base/portallocator/port_allocator.go:58.61,60.4 1 1
github.com/fluid-cloudnative/fluid/pkg/ddc/base/portallocator/port_allocator.go:66.80,67.108 1 2
github.com/fluid-cloudnative/fluid/pkg/ddc/base/portallocator/port_allocator.go:70.2,70.16 1 2
github.com/fluid-cloudnative/fluid/pkg/ddc/base/portallocator/port_allocator.go:74.2,75.16 2 2
github.com/fluid-cloudnative/fluid/pkg/ddc/base/portallocator/port_allocator.go:78.2,80.29 2 1
github.com/fluid-cloudnative/fluid/pkg/ddc/base/portallocator/port_allocator.go:86.2,86.12 1 1
github.com/fluid-cloudnative/fluid/pkg/ddc/base/portallocator/port_allocator.go:67.108,69.3 1 2
github.com/fluid-cloudnative/fluid/pkg/ddc/base/portallocator/port_allocator.go:70.16,72.3 1 0
github.com/fluid-cloudnative/fluid/pkg/ddc/base/portallocator/port_allocator.go:75.16,77.3 1 1
github.com/fluid-cloudnative/fluid/pkg/ddc/base/portallocator/port_allocator.go:80.29,81.48 1 3
github.com/fluid-cloudnative/fluid/pkg/ddc/base/portallocator/port_allocator.go:81.48,83.4 1 0
github.com/fluid-cloudnative/fluid/pkg/ddc/base/portallocator/port_allocator.go:91.92,92.21 1 2
github.com/fluid-cloudnative/fluid/pkg/ddc/base/portallocator/port_allocator.go:96.2,96.31 1 2
github.com/fluid-cloudnative/fluid/pkg/ddc/base/portallocator/port_allocator.go:106.2,106.26 1 2
github.com/fluid-cloudnative/fluid/pkg/ddc/base/portallocator/port_allocator.go:116.2,117.19 2 2
github.com/fluid-cloudnative/fluid/pkg/ddc/base/portallocator/port_allocator.go:92.21,94.3 1 0
github.com/fluid-cloudnative/fluid/pkg/ddc/base/portallocator/port_allocator.go:96.31,97.60 1 7
github.com/fluid-cloudnative/fluid/pkg/ddc/base/portallocator/port_allocator.go:97.60,99.9 2 0
github.com/fluid-cloudnative/fluid/pkg/ddc/base/portallocator/port_allocator.go:100.9,102.4 1 7
github.com/fluid-cloudnative/fluid/pkg/ddc/base/portallocator/port_allocator.go:106.26,107.38 1 0
github.com/fluid-cloudnative/fluid/pkg/ddc/base/portallocator/port_allocator.go:111.3,113.13 3 0
github.com/fluid-cloudnative/fluid/pkg/ddc/base/portallocator/port_allocator.go:107.38,109.4 1 0
github.com/fluid-cloudnative/fluid/pkg/ddc/base/portallocator/port_allocator.go:121.70,123.29 2 1
github.com/fluid-cloudnative/fluid/pkg/ddc/base/portallocator/port_allocator.go:123.29,124.48 1 2
github.com/fluid-cloudnative/fluid/pkg/ddc/base/portallocator/port_allocator.go:124.48,126.4 1 0
github.com/fluid-cloudnative/fluid/pkg/ddc/base/label.go:24.104,26.34 2 8
github.com/fluid-cloudnative/fluid/pkg/ddc/base/label.go:29.2,36.12 1 8
github.com/fluid-cloudnative/fluid/pkg/ddc/base/label.go:26.34,28.3 1 4
github.com/fluid-cloudnative/fluid/pkg/ddc/base/label.go:39.57,42.34 3 2
github.com/fluid-cloudnative/fluid/pkg/ddc/base/label.go:46.2,46.49 1 2
github.com/fluid-cloudnative/fluid/pkg/ddc/base/label.go:42.34,45.3 2 1
github.com/fluid-cloudnative/fluid/pkg/ddc/base/label.go:49.55,52.34 3 2
github.com/fluid-cloudnative/fluid/pkg/ddc/base/label.go:56.2,56.49 1 2
github.com/fluid-cloudnative/fluid/pkg/ddc/base/label.go:52.34,55.3 2 1
github.com/fluid-cloudnative/fluid/pkg/ddc/base/label.go:59.56,62.34 3 2
github.com/fluid-cloudnative/fluid/pkg/ddc/base/label.go:66.2,66.49 1 2
github.com/fluid-cloudnative/fluid/pkg/ddc/base/label.go:62.34,65.3 2 1
github.com/fluid-cloudnative/fluid/pkg/ddc/base/label.go:69.54,71.34 2 2
github.com/fluid-cloudnative/fluid/pkg/ddc/base/label.go:75.2,75.50 1 2
github.com/fluid-cloudnative/fluid/pkg/ddc/base/label.go:71.34,73.3 1 1
github.com/fluid-cloudnative/fluid/pkg/ddc/base/label.go:78.55,80.34 2 2
github.com/fluid-cloudnative/fluid/pkg/ddc/base/label.go:84.2,84.75 1 2
github.com/fluid-cloudnative/fluid/pkg/ddc/base/label.go:80.34,82.3 1 1
github.com/fluid-cloudnative/fluid/pkg/ddc/base/label.go:88.58,90.2 1 1
github.com/fluid-cloudnative/fluid/pkg/ddc/base/label.go:93.52,95.2 1 0
github.com/fluid-cloudnative/fluid/pkg/ddc/base/log.go:24.86,32.2 1 1
github.com/fluid-cloudnative/fluid/pkg/ddc/base/setup.go:24.94,36.16 4 2
github.com/fluid-cloudnative/fluid/pkg/ddc/base/setup.go:39.2,39.23 1 2
github.com/fluid-cloudnative/fluid/pkg/ddc/base/setup.go:48.2,49.16 2 2
github.com/fluid-cloudnative/fluid/pkg/ddc/base/setup.go:54.2,54.18 1 2
github.com/fluid-cloudnative/fluid/pkg/ddc/base/setup.go:58.2,59.16 2 2
github.com/fluid-cloudnative/fluid/pkg/ddc/base/setup.go:64.2,64.20 1 2
github.com/fluid-cloudnative/fluid/pkg/ddc/base/setup.go:73.2,74.16 2 2
github.com/fluid-cloudnative/fluid/pkg/ddc/base/setup.go:79.2,79.24 1 2
github.com/fluid-cloudnative/fluid/pkg/ddc/base/setup.go:89.2,90.16 2 2
github.com/fluid-cloudnative/fluid/pkg/ddc/base/setup.go:95.2,95.19 1 2
github.com/fluid-cloudnative/fluid/pkg/ddc/base/setup.go:100.2,101.16 2 2
github.com/fluid-cloudnative/fluid/pkg/ddc/base/setup.go:107.2,107.19 1 2
github.com/fluid-cloudnative/fluid/pkg/ddc/base/setup.go:112.2,113.16 2 2
github.com/fluid-cloudnative/fluid/pkg/ddc/base/setup.go:119.2,121.19 2 2
github.com/fluid-cloudnative/fluid/pkg/ddc/base/setup.go:36.16,38.3 1 0
github.com/fluid-cloudnative/fluid/pkg/ddc/base/setup.go:39.23,41.17 2 1
github.com/fluid-cloudnative/fluid/pkg/ddc/base/setup.go:41.17,44.4 2 0
github.com/fluid-cloudnative/fluid/pkg/ddc/base/setup.go:49.16,52.3 2 0
github.com/fluid-cloudnative/fluid/pkg/ddc/base/setup.go:54.18,56.3 1 0
github.com/fluid-cloudnative/fluid/pkg/ddc/base/setup.go:59.16,62.3 2 0
github.com/fluid-cloudnative/fluid/pkg/ddc/base/setup.go:64.20,66.17 2 1
github.com/fluid-cloudnative/fluid/pkg/ddc/base/setup.go:66.17,69.4 2 0
github.com/fluid-cloudnative/fluid/pkg/ddc/base/setup.go:74.16,77.3 2 0
github.com/fluid-cloudnative/fluid/pkg/ddc/base/setup.go:79.24,81.17 2 1
github.com/fluid-cloudnative/fluid/pkg/ddc/base/setup.go:81.17,85.4 2 0
github.com/fluid-cloudnative/fluid/pkg/ddc/base/setup.go:90.16,93.3 2 0
github.com/fluid-cloudnative/fluid/pkg/ddc/base/setup.go:95.19,97.3 1 0
github.com/fluid-cloudnative/fluid/pkg/ddc/base/setup.go:101.16,105.3 2 0
github.com/fluid-cloudnative/fluid/pkg/ddc/base/setup.go:107.19,109.3 1 0
github.com/fluid-cloudnative/fluid/pkg/ddc/base/setup.go:113.16,117.3 2 0
github.com/fluid-cloudnative/fluid/pkg/ddc/base/volume.go:20.53,23.2 1 1
github.com/fluid-cloudnative/fluid/pkg/ddc/base/volume.go:26.53,29.2 1 1
github.com/fluid-cloudnative/fluid/pkg/ddc/base/pv.go:21.59,23.31 2 3
github.com/fluid-cloudnative/fluid/pkg/ddc/base/pv.go:27.2,27.15 1 3
github.com/fluid-cloudnative/fluid/pkg/ddc/base/pv.go:23.31,25.3 1 1
github.com/fluid-cloudnative/fluid/pkg/ddc/base/runtime.go:144.82,147.16 2 27
github.com/fluid-cloudnative/fluid/pkg/ddc/base/runtime.go:151.2,157.8 2 27
github.com/fluid-cloudnative/fluid/pkg/ddc/base/runtime.go:147.16,149.3 1 0
github.com/fluid-cloudnative/fluid/pkg/ddc/base/runtime.go:160.63,162.2 1 1
github.com/fluid-cloudnative/fluid/pkg/ddc/base/runtime.go:170.43,172.2 1 6
github.com/fluid-cloudnative/fluid/pkg/ddc/base/runtime.go:175.48,177.2 1 14
github.com/fluid-cloudnative/fluid/pkg/ddc/base/runtime.go:180.50,182.2 1 2
github.com/fluid-cloudnative/fluid/pkg/ddc/base/runtime.go:185.45,187.2 1 0
github.com/fluid-cloudnative/fluid/pkg/ddc/base/runtime.go:190.74,192.2 1 0
github.com/fluid-cloudnative/fluid/pkg/ddc/base/runtime.go:195.91,199.2 2 16
github.com/fluid-cloudnative/fluid/pkg/ddc/base/runtime.go:202.92,206.2 3 0
github.com/fluid-cloudnative/fluid/pkg/ddc/base/runtime.go:208.84,209.44 1 16
github.com/fluid-cloudnative/fluid/pkg/ddc/base/runtime.go:214.2,214.32 1 8
github.com/fluid-cloudnative/fluid/pkg/ddc/base/runtime.go:209.44,213.3 2 8
github.com/fluid-cloudnative/fluid/pkg/ddc/base/runtime.go:217.76,219.2 1 24
github.com/fluid-cloudnative/fluid/pkg/ddc/base/runtime.go:222.66,224.2 1 0
github.com/fluid-cloudnative/fluid/pkg/ddc/base/runtime.go:227.55,229.2 1 18
github.com/fluid-cloudnative/fluid/pkg/ddc/base/runtime.go:231.63,233.2 1 3
github.com/fluid-cloudnative/fluid/pkg/ddc/base/runtime.go:235.52,237.2 1 3
github.com/fluid-cloudnative/fluid/pkg/ddc/base/runtime.go:239.58,241.2 1 35
github.com/fluid-cloudnative/fluid/pkg/ddc/base/runtime.go:243.94,244.34 1 32
github.com/fluid-cloudnative/fluid/pkg/ddc/base/runtime.go:248.2,252.43 2 6
github.com/fluid-cloudnative/fluid/pkg/ddc/base/runtime.go:298.2,298.29 1 4
github.com/fluid-cloudnative/fluid/pkg/ddc/base/runtime.go:244.34,246.3 1 26
github.com/fluid-cloudnative/fluid/pkg/ddc/base/runtime.go:252.43,258.32 4 8
github.com/fluid-cloudnative/fluid/pkg/ddc/base/runtime.go:291.3,296.5 1 6
github.com/fluid-cloudnative/fluid/pkg/ddc/base/runtime.go:258.32,259.26 1 4
github.com/fluid-cloudnative/fluid/pkg/ddc/base/runtime.go:263.4,264.31 2 3
github.com/fluid-cloudnative/fluid/pkg/ddc/base/runtime.go:259.26,261.5 1 1
github.com/fluid-cloudnative/fluid/pkg/ddc/base/runtime.go:264.31,270.5 2 4
github.com/fluid-cloudnative/fluid/pkg/ddc/base/runtime.go:271.9,275.29 3 4
github.com/fluid-cloudnative/fluid/pkg/ddc/base/runtime.go:279.4,279.39 1 3
github.com/fluid-cloudnative/fluid/pkg/ddc/base/runtime.go:275.29,277.5 1 1
github.com/fluid-cloudnative/fluid/pkg/ddc/base/runtime.go:279.39,281.19 2 6
github.com/fluid-cloudnative/fluid/pkg/ddc/base/runtime.go:284.5,287.7 1 6
github.com/fluid-cloudnative/fluid/pkg/ddc/base/runtime.go:281.19,283.6 1 0
github.com/fluid-cloudnative/fluid/pkg/ddc/base/runtime.go:302.113,304.16 2 18
github.com/fluid-cloudnative/fluid/pkg/ddc/base/runtime.go:308.2,309.39 2 16
github.com/fluid-cloudnative/fluid/pkg/ddc/base/runtime.go:312.2,312.21 1 16
github.com/fluid-cloudnative/fluid/pkg/ddc/base/runtime.go:362.2,362.24 1 16
github.com/fluid-cloudnative/fluid/pkg/ddc/base/runtime.go:365.2,365.25 1 16
github.com/fluid-cloudnative/fluid/pkg/ddc/base/runtime.go:304.16,306.3 1 2
github.com/fluid-cloudnative/fluid/pkg/ddc/base/runtime.go:309.39,311.3 1 16
github.com/fluid-cloudnative/fluid/pkg/ddc/base/runtime.go:313.30,315.17 2 4
github.com/fluid-cloudnative/fluid/pkg/ddc/base/runtime.go:318.3,319.17 2 4
github.com/fluid-cloudnative/fluid/pkg/ddc/base/runtime.go:322.3,323.73 2 4
github.com/fluid-cloudnative/fluid/pkg/ddc/base/runtime.go:324.27,326.17 2 4
github.com/fluid-cloudnative/fluid/pkg/ddc/base/runtime.go:329.3,330.17 2 4
github.com/fluid-cloudnative/fluid/pkg/ddc/base/runtime.go:333.3,334.71 2 4
github.com/fluid-cloudnative/fluid/pkg/ddc/base/runtime.go:335.29,337.17 2 4
github.com/fluid-cloudnative/fluid/pkg/ddc/base/runtime.go:340.3,341.17 2 4
github.com/fluid-cloudnative/fluid/pkg/ddc/base/runtime.go:344.3,345.73 2 4
github.com/fluid-cloudnative/fluid/pkg/ddc/base/runtime.go:346.29,348.17 2 4
github.com/fluid-cloudnative/fluid/pkg/ddc/base/runtime.go:351.3,352.17 2 4
github.com/fluid-cloudnative/fluid/pkg/ddc/base/runtime.go:355.3,356.73 2 4
github.com/fluid-cloudnative/fluid/pkg/ddc/base/runtime.go:357.10,359.9 2 0
github.com/fluid-cloudnative/fluid/pkg/ddc/base/runtime.go:315.17,317.4 1 0
github.com/fluid-cloudnative/fluid/pkg/ddc/base/runtime.go:319.17,321.4 1 0
github.com/fluid-cloudnative/fluid/pkg/ddc/base/runtime.go:326.17,328.4 1 0
github.com/fluid-cloudnative/fluid/pkg/ddc/base/runtime.go:330.17,332.4 1 0
github.com/fluid-cloudnative/fluid/pkg/ddc/base/runtime.go:337.17,339.4 1 0
github.com/fluid-cloudnative/fluid/pkg/ddc/base/runtime.go:341.17,343.4 1 0
github.com/fluid-cloudnative/fluid/pkg/ddc/base/runtime.go:348.17,350.4 1 0
github.com/fluid-cloudnative/fluid/pkg/ddc/base/runtime.go:352.17,354.4 1 0
github.com/fluid-cloudnative/fluid/pkg/ddc/base/runtime.go:362.24,364.3 1 16
github.com/fluid-cloudnative/fluid/pkg/ddc/base/runtime_helper.go:42.142,45.16 2 7
github.com/fluid-cloudnative/fluid/pkg/ddc/base/runtime_helper.go:49.2,50.16 2 7
github.com/fluid-cloudnative/fluid/pkg/ddc/base/runtime_helper.go:54.2,62.48 2 7
github.com/fluid-cloudnative/fluid/pkg/ddc/base/runtime_helper.go:65.2,65.21 1 7
github.com/fluid-cloudnative/fluid/pkg/ddc/base/runtime_helper.go:71.2,82.16 5 7
github.com/fluid-cloudnative/fluid/pkg/ddc/base/runtime_helper.go:85.2,86.16 2 6
github.com/fluid-cloudnative/fluid/pkg/ddc/base/runtime_helper.go:90.2,96.16 4 6
github.com/fluid-cloudnative/fluid/pkg/ddc/base/runtime_helper.go:100.2,100.12 1 6
github.com/fluid-cloudnative/fluid/pkg/ddc/base/runtime_helper.go:107.2,108.45 2 6
github.com/fluid-cloudnative/fluid/pkg/ddc/base/runtime_helper.go:111.2,126.8 4 6
github.com/fluid-cloudnative/fluid/pkg/ddc/base/runtime_helper.go:45.16,47.3 1 0
github.com/fluid-cloudnative/fluid/pkg/ddc/base/runtime_helper.go:50.16,52.3 1 0
github.com/fluid-cloudnative/fluid/pkg/ddc/base/runtime_helper.go:62.48,64.3 1 0
github.com/fluid-cloudnative/fluid/pkg/ddc/base/runtime_helper.go:65.21,68.3 2 3
github.com/fluid-cloudnative/fluid/pkg/ddc/base/runtime_helper.go:82.16,84.3 1 1
github.com/fluid-cloudnative/fluid/pkg/ddc/base/runtime_helper.go:86.16,88.3 1 0
github.com/fluid-cloudnative/fluid/pkg/ddc/base/runtime_helper.go:96.16,98.3 1 0
github.com/fluid-cloudnative/fluid/pkg/ddc/base/runtime_helper.go:100.12,102.17 2 6
github.com/fluid-cloudnative/fluid/pkg/ddc/base/runtime_helper.go:102.17,104.4 1 0
github.com/fluid-cloudnative/fluid/pkg/ddc/base/runtime_helper.go:108.45,110.3 1 6
github.com/fluid-cloudnative/fluid/pkg/ddc/base/runtime_helper.go:129.79,130.24 1 10
github.com/fluid-cloudnative/fluid/pkg/ddc/base/runtime_helper.go:135.2,136.26 2 9
github.com/fluid-cloudnative/fluid/pkg/ddc/base/runtime_helper.go:142.2,142.76 1 9
github.com/fluid-cloudnative/fluid/pkg/ddc/base/runtime_helper.go:130.24,133.3 2 1
github.com/fluid-cloudnative/fluid/pkg/ddc/base/runtime_helper.go:137.27,138.63 1 6
github.com/fluid-cloudnative/fluid/pkg/ddc/base/runtime_helper.go:139.10,140.33 1 3
github.com/fluid-cloudnative/fluid/pkg/ddc/base/syncs.go:29.81,31.89 1 2
github.com/fluid-cloudnative/fluid/pkg/ddc/base/syncs.go:35.2,39.16 4 2
github.com/fluid-cloudnative/fluid/pkg/ddc/base/syncs.go:43.2,44.16 2 2
github.com/fluid-cloudnative/fluid/pkg/ddc/base/syncs.go:48.2,49.16 2 2
github.com/fluid-cloudnative/fluid/pkg/ddc/base/syncs.go:54.2,55.16 2 2
github.com/fluid-cloudnative/fluid/pkg/ddc/base/syncs.go:60.2,61.16 2 2
github.com/fluid-cloudnative/fluid/pkg/ddc/base/syncs.go:66.2,67.16 2 2
github.com/fluid-cloudnative/fluid/pkg/ddc/base/syncs.go:72.2,73.24 2 2
github.com/fluid-cloudnative/fluid/pkg/ddc/base/syncs.go:89.2,89.51 1 2
github.com/fluid-cloudnative/fluid/pkg/ddc/base/syncs.go:31.89,33.3 1 0
github.com/fluid-cloudnative/fluid/pkg/ddc/base/syncs.go:39.16,41.3 1 0
github.com/fluid-cloudnative/fluid/pkg/ddc/base/syncs.go:44.16,46.3 1 0
github.com/fluid-cloudnative/fluid/pkg/ddc/base/syncs.go:49.16,51.3 1 0
github.com/fluid-cloudnative/fluid/pkg/ddc/base/syncs.go:55.16,57.3 1 0
github.com/fluid-cloudnative/fluid/pkg/ddc/base/syncs.go:61.16,63.3 1 0
github.com/fluid-cloudnative/fluid/pkg/ddc/base/syncs.go:67.16,69.3 1 0
github.com/fluid-cloudnative/fluid/pkg/ddc/base/syncs.go:73.24,74.33 1 2
github.com/fluid-cloudnative/fluid/pkg/ddc/base/syncs.go:74.33,77.18 3 1
github.com/fluid-cloudnative/fluid/pkg/ddc/base/syncs.go:80.4,80.19 1 1
github.com/fluid-cloudnative/fluid/pkg/ddc/base/syncs.go:77.18,79.5 1 0
github.com/fluid-cloudnative/fluid/pkg/ddc/base/syncs.go:80.19,82.19 2 0
github.com/fluid-cloudnative/fluid/pkg/ddc/base/syncs.go:82.19,84.6 1 0
github.com/fluid-cloudnative/fluid/pkg/ddc/base/syncs.go:92.46,95.2 2 4
github.com/fluid-cloudnative/fluid/pkg/ddc/base/template_engine.go:55.60,66.16 4 15
github.com/fluid-cloudnative/fluid/pkg/ddc/base/template_engine.go:69.2,69.21 1 15
github.com/fluid-cloudnative/fluid/pkg/ddc/base/template_engine.go:74.2,77.10 3 15
github.com/fluid-cloudnative/fluid/pkg/ddc/base/template_engine.go:66.16,68.3 1 0
github.com/fluid-cloudnative/fluid/pkg/ddc/base/template_engine.go:69.21,71.3 1 14
github.com/fluid-cloudnative/fluid/pkg/ddc/base/template_engine.go:71.8,73.3 1 1
github.com/fluid-cloudnative/fluid/pkg/ddc/base/template_engine.go:81.38,83.2 1 2
github.com/fluid-cloudnative/fluid/pkg/ddc/base/template_engine.go:86.43,88.2 1 1
github.com/fluid-cloudnative/fluid/pkg/ddc/base/template_engine.go:90.59,91.67 1 18
github.com/fluid-cloudnative/fluid/pkg/ddc/base/template_engine.go:98.2,98.8 1 17
github.com/fluid-cloudnative/fluid/pkg/ddc/base/template_engine.go:91.67,93.17 2 16
github.com/fluid-cloudnative/fluid/pkg/ddc/base/template_engine.go:96.3,96.16 1 15
github.com/fluid-cloudnative/fluid/pkg/ddc/base/template_engine.go:93.17,95.4 1 1
github.com/fluid-cloudnative/fluid/pkg/ddc/base/template_engine.go:101.77,102.56 1 5
github.com/fluid-cloudnative/fluid/pkg/ddc/base/template_engine.go:117.2,117.8 1 5
github.com/fluid-cloudnative/fluid/pkg/ddc/base/template_engine.go:102.56,108.3 2 1
github.com/fluid-cloudnative/fluid/pkg/ddc/base/template_engine.go:108.8,115.3 3 4
github.com/fluid-cloudnative/fluid/pkg/ddc/base/load_data.go:22.123,23.74 1 1
github.com/fluid-cloudnative/fluid/pkg/ddc/base/load_data.go:27.2,27.12 1 1
github.com/fluid-cloudnative/fluid/pkg/ddc/base/load_data.go:23.74,26.3 2 0
github.com/fluid-cloudnative/fluid/pkg/ddc/base/load_data.go:30.59,33.2 2 1
github.com/fluid-cloudnative/fluid/pkg/ddc/base/load_data.go:35.112,38.2 2 1
github.com/fluid-cloudnative/fluid/pkg/ddc/goosefs/operations/base.go:39.116,47.2 1 2
github.com/fluid-cloudnative/fluid/pkg/ddc/goosefs/operations/base.go:50.79,58.16 3 3
github.com/fluid-cloudnative/fluid/pkg/ddc/goosefs/operations/base.go:69.2,69.8 1 2
github.com/fluid-cloudnative/fluid/pkg/ddc/goosefs/operations/base.go:58.16,59.49 1 2
github.com/fluid-cloudnative/fluid/pkg/ddc/goosefs/operations/base.go:59.49,61.4 1 1
github.com/fluid-cloudnative/fluid/pkg/ddc/goosefs/operations/base.go:61.9,64.4 2 1
github.com/fluid-cloudnative/fluid/pkg/ddc/goosefs/operations/base.go:65.8,67.3 1 1
github.com/fluid-cloudnative/fluid/pkg/ddc/goosefs/operations/base.go:73.71,81.16 3 2
github.com/fluid-cloudnative/fluid/pkg/ddc/goosefs/operations/base.go:85.2,85.20 1 1
github.com/fluid-cloudnative/fluid/pkg/ddc/goosefs/operations/base.go:81.16,84.3 2 1
github.com/fluid-cloudnative/fluid/pkg/ddc/goosefs/operations/base.go:89.86,100.16 6 2
github.com/fluid-cloudnative/fluid/pkg/ddc/goosefs/operations/base.go:106.2,106.8 1 1
github.com/fluid-cloudnative/fluid/pkg/ddc/goosefs/operations/base.go:100.16,103.3 2 1
github.com/fluid-cloudnative/fluid/pkg/ddc/goosefs/operations/base.go:103.8,105.3 1 1
github.com/fluid-cloudnative/fluid/pkg/ddc/goosefs/operations/base.go:110.83,119.10 2 2
github.com/fluid-cloudnative/fluid/pkg/ddc/goosefs/operations/base.go:125.2,129.16 5 2
github.com/fluid-cloudnative/fluid/pkg/ddc/goosefs/operations/base.go:134.2,134.8 1 1
github.com/fluid-cloudnative/fluid/pkg/ddc/goosefs/operations/base.go:119.10,121.3 1 1
github.com/fluid-cloudnative/fluid/pkg/ddc/goosefs/operations/base.go:121.8,123.3 1 1
github.com/fluid-cloudnative/fluid/pkg/ddc/goosefs/operations/base.go:129.16,132.3 2 1
github.com/fluid-cloudnative/fluid/pkg/ddc/goosefs/operations/base.go:156.119,158.13 2 10
github.com/fluid-cloudnative/fluid/pkg/ddc/goosefs/operations/base.go:170.2,177.16 3 10
github.com/fluid-cloudnative/fluid/pkg/ddc/goosefs/operations/base.go:182.2,182.8 1 10
github.com/fluid-cloudnative/fluid/pkg/ddc/goosefs/operations/base.go:159.19,160.14 1 2
github.com/fluid-cloudnative/fluid/pkg/ddc/goosefs/operations/base.go:161.17,162.14 1 2
github.com/fluid-cloudnative/fluid/pkg/ddc/goosefs/operations/base.go:163.16,164.14 1 2
github.com/fluid-cloudnative/fluid/pkg/ddc/goosefs/operations/base.go:165.15,166.14 1 2
github.com/fluid-cloudnative/fluid/pkg/ddc/goosefs/operations/base.go:167.10,168.70 1 2
github.com/fluid-cloudnative/fluid/pkg/ddc/goosefs/operations/base.go:177.16,179.3 1 5
github.com/fluid-cloudnative/fluid/pkg/ddc/goosefs/operations/base.go:179.8,181.3 1 5
github.com/fluid-cloudnative/fluid/pkg/ddc/goosefs/operations/base.go:185.65,193.16 3 2
github.com/fluid-cloudnative/fluid/pkg/ddc/goosefs/operations/base.go:198.2,198.8 1 1
github.com/fluid-cloudnative/fluid/pkg/ddc/goosefs/operations/base.go:193.16,196.3 2 1
github.com/fluid-cloudnative/fluid/pkg/ddc/goosefs/operations/base.go:205.27,225.14 2 8
github.com/fluid-cloudnative/fluid/pkg/ddc/goosefs/operations/base.go:229.2,229.12 1 8
github.com/fluid-cloudnative/fluid/pkg/ddc/goosefs/operations/base.go:233.2,233.34 1 8
github.com/fluid-cloudnative/fluid/pkg/ddc/goosefs/operations/base.go:237.2,240.16 3 8
github.com/fluid-cloudnative/fluid/pkg/ddc/goosefs/operations/base.go:245.2,245.8 1 4
github.com/fluid-cloudnative/fluid/pkg/ddc/goosefs/operations/base.go:225.14,227.3 1 4
github.com/fluid-cloudnative/fluid/pkg/ddc/goosefs/operations/base.go:229.12,231.3 1 4
github.com/fluid-cloudnative/fluid/pkg/ddc/goosefs/operations/base.go:233.34,235.3 1 0
github.com/fluid-cloudnative/fluid/pkg/ddc/goosefs/operations/base.go:240.16,243.3 2 4
github.com/fluid-cloudnative/fluid/pkg/ddc/goosefs/operations/base.go:249.67,259.16 4 1
github.com/fluid-cloudnative/fluid/pkg/ddc/goosefs/operations/base.go:264.2,264.8 1 1
github.com/fluid-cloudnative/fluid/pkg/ddc/goosefs/operations/base.go:259.16,262.3 2 0
github.com/fluid-cloudnative/fluid/pkg/ddc/goosefs/operations/base.go:267.83,275.16 3 3
github.com/fluid-cloudnative/fluid/pkg/ddc/goosefs/operations/base.go:279.2,281.31 2 2
github.com/fluid-cloudnative/fluid/pkg/ddc/goosefs/operations/base.go:295.2,295.21 1 1
github.com/fluid-cloudnative/fluid/pkg/ddc/goosefs/operations/base.go:275.16,277.3 1 1
github.com/fluid-cloudnative/fluid/pkg/ddc/goosefs/operations/base.go:281.31,284.31 3 3
github.com/fluid-cloudnative/fluid/pkg/ddc/goosefs/operations/base.go:284.31,287.4 2 1
github.com/fluid-cloudnative/fluid/pkg/ddc/goosefs/operations/base.go:299.48,305.16 3 2
github.com/fluid-cloudnative/fluid/pkg/ddc/goosefs/operations/base.go:309.2,309.14 1 2
github.com/fluid-cloudnative/fluid/pkg/ddc/goosefs/operations/base.go:305.16,307.3 1 1
github.com/fluid-cloudnative/fluid/pkg/ddc/goosefs/operations/base.go:312.112,320.16 3 7
github.com/fluid-cloudnative/fluid/pkg/ddc/goosefs/operations/base.go:324.2,326.19 2 5
github.com/fluid-cloudnative/fluid/pkg/ddc/goosefs/operations/base.go:331.2,332.20 2 4
github.com/fluid-cloudnative/fluid/pkg/ddc/goosefs/operations/base.go:337.2,338.16 2 2
github.com/fluid-cloudnative/fluid/pkg/ddc/goosefs/operations/base.go:342.2,343.16 2 2
github.com/fluid-cloudnative/fluid/pkg/ddc/goosefs/operations/base.go:347.2,350.8 3 2
github.com/fluid-cloudnative/fluid/pkg/ddc/goosefs/operations/base.go:320.16,323.3 2 2
github.com/fluid-cloudnative/fluid/pkg/ddc/goosefs/operations/base.go:326.19,329.3 2 1
github.com/fluid-cloudnative/fluid/pkg/ddc/goosefs/operations/base.go:332.20,335.3 2 2
github.com/fluid-cloudnative/fluid/pkg/ddc/goosefs/operations/base.go:338.16,340.3 1 0
github.com/fluid-cloudnative/fluid/pkg/ddc/goosefs/operations/base.go:343.16,345.3 1 0
github.com/fluid-cloudnative/fluid/pkg/ddc/goosefs/operations/base.go:354.114,363.16 3 5
github.com/fluid-cloudnative/fluid/pkg/ddc/goosefs/operations/base.go:369.2,371.19 2 4
github.com/fluid-cloudnative/fluid/pkg/ddc/goosefs/operations/base.go:376.2,377.20 2 3
github.com/fluid-cloudnative/fluid/pkg/ddc/goosefs/operations/base.go:382.2,383.16 2 2
github.com/fluid-cloudnative/fluid/pkg/ddc/goosefs/operations/base.go:387.2,388.16 2 2
github.com/fluid-cloudnative/fluid/pkg/ddc/goosefs/operations/base.go:392.2,393.16 2 1
github.com/fluid-cloudnative/fluid/pkg/ddc/goosefs/operations/base.go:397.2,397.67 1 1
github.com/fluid-cloudnative/fluid/pkg/ddc/goosefs/operations/base.go:363.16,366.3 2 1
github.com/fluid-cloudnative/fluid/pkg/ddc/goosefs/operations/base.go:371.19,374.3 2 1
github.com/fluid-cloudnative/fluid/pkg/ddc/goosefs/operations/base.go:377.20,380.3 2 1
github.com/fluid-cloudnative/fluid/pkg/ddc/goosefs/operations/base.go:383.16,385.3 1 0
github.com/fluid-cloudnative/fluid/pkg/ddc/goosefs/operations/base.go:388.16,390.3 1 1
github.com/fluid-cloudnative/fluid/pkg/ddc/goosefs/operations/base.go:393.16,395.3 1 0
github.com/fluid-cloudnative/fluid/pkg/ddc/goosefs/operations/base.go:402.71,411.16 4 2
github.com/fluid-cloudnative/fluid/pkg/ddc/goosefs/operations/base.go:417.2,421.16 5 1
github.com/fluid-cloudnative/fluid/pkg/ddc/goosefs/operations/base.go:424.2,424.23 1 1
github.com/fluid-cloudnative/fluid/pkg/ddc/goosefs/operations/base.go:411.16,414.3 2 1
github.com/fluid-cloudnative/fluid/pkg/ddc/goosefs/operations/base.go:421.16,423.3 1 0
github.com/fluid-cloudnative/fluid/pkg/ddc/goosefs/operations/base.go:428.71,435.16 3 2
github.com/fluid-cloudnative/fluid/pkg/ddc/goosefs/operations/base.go:439.2,439.20 1 1
github.com/fluid-cloudnative/fluid/pkg/ddc/goosefs/operations/base.go:435.16,438.3 2 1
github.com/fluid-cloudnative/fluid/pkg/ddc/goosefs/operations/base.go:443.71,450.16 3 2
github.com/fluid-cloudnative/fluid/pkg/ddc/goosefs/operations/base.go:454.2,454.20 1 1
github.com/fluid-cloudnative/fluid/pkg/ddc/goosefs/operations/base.go:450.16,453.3 2 1
github.com/fluid-cloudnative/fluid/pkg/ddc/goosefs/operations/base.go:457.77,464.16 3 2
github.com/fluid-cloudnative/fluid/pkg/ddc/goosefs/operations/base.go:469.2,473.21 4 1
github.com/fluid-cloudnative/fluid/pkg/ddc/goosefs/operations/base.go:464.16,467.3 2 1
github.com/fluid-cloudnative/fluid/pkg/ddc/goosefs/operations/base.go:477.106,482.12 4 10
github.com/fluid-cloudnative/fluid/pkg/ddc/goosefs/operations/base.go:487.2,487.9 1 10
github.com/fluid-cloudnative/fluid/pkg/ddc/goosefs/operations/base.go:494.2,494.8 1 10
github.com/fluid-cloudnative/fluid/pkg/ddc/goosefs/operations/base.go:482.12,485.3 2 10
github.com/fluid-cloudnative/fluid/pkg/ddc/goosefs/operations/base.go:488.12,489.52 1 10
github.com/fluid-cloudnative/fluid/pkg/ddc/goosefs/operations/base.go:490.20,491.57 1 0
github.com/fluid-cloudnative/fluid/pkg/ddc/goosefs/operations/base.go:498.120,500.16 2 16
github.com/fluid-cloudnative/fluid/pkg/ddc/goosefs/operations/base.go:505.2,505.13 1 11
github.com/fluid-cloudnative/fluid/pkg/ddc/goosefs/operations/base.go:509.2,509.8 1 11
github.com/fluid-cloudnative/fluid/pkg/ddc/goosefs/operations/base.go:500.16,504.3 3 5
github.com/fluid-cloudnative/fluid/pkg/ddc/goosefs/operations/base.go:505.13,507.3 1 2
github.com/fluid-cloudnative/fluid/pkg/ddc/goosefs/operations/cached.go:26.67,35.16 4 2
github.com/fluid-cloudnative/fluid/pkg/ddc/goosefs/operations/cached.go:39.2,41.24 2 1
github.com/fluid-cloudnative/fluid/pkg/ddc/goosefs/operations/cached.go:55.2,55.12 1 1
github.com/fluid-cloudnative/fluid/pkg/ddc/goosefs/operations/cached.go:59.2,59.8 1 1
github.com/fluid-cloudnative/fluid/pkg/ddc/goosefs/operations/cached.go:35.16,38.3 2 1
github.com/fluid-cloudnative/fluid/pkg/ddc/goosefs/operations/cached.go:41.24,42.44 1 4
github.com/fluid-cloudnative/fluid/pkg/ddc/goosefs/operations/cached.go:42.44,44.24 2 1
github.com/fluid-cloudnative/fluid/pkg/ddc/goosefs/operations/cached.go:47.4,48.18 2 1
github.com/fluid-cloudnative/fluid/pkg/ddc/goosefs/operations/cached.go:51.4,51.16 1 1
github.com/fluid-cloudnative/fluid/pkg/ddc/goosefs/operations/cached.go:44.24,46.5 1 0
github.com/fluid-cloudnative/fluid/pkg/ddc/goosefs/operations/cached.go:48.18,50.5 1 0
github.com/fluid-cloudnative/fluid/pkg/ddc/goosefs/operations/cached.go:55.12,57.3 1 0
github.com/fluid-cloudnative/fluid/pkg/ddc/goosefs/operations/cached.go:63.63,72.16 3 4
github.com/fluid-cloudnative/fluid/pkg/ddc/goosefs/operations/cached.go:77.2,77.40 1 2
github.com/fluid-cloudnative/fluid/pkg/ddc/goosefs/operations/cached.go:86.2,87.16 2 2
github.com/fluid-cloudnative/fluid/pkg/ddc/goosefs/operations/cached.go:92.2,92.8 1 2
github.com/fluid-cloudnative/fluid/pkg/ddc/goosefs/operations/cached.go:72.16,75.3 2 2
github.com/fluid-cloudnative/fluid/pkg/ddc/goosefs/operations/cached.go:77.40,79.3 1 1
github.com/fluid-cloudnative/fluid/pkg/ddc/goosefs/operations/cached.go:79.8,79.47 1 1
github.com/fluid-cloudnative/fluid/pkg/ddc/goosefs/operations/cached.go:79.47,81.3 1 1
github.com/fluid-cloudnative/fluid/pkg/ddc/goosefs/operations/cached.go:81.8,84.3 2 0
github.com/fluid-cloudnative/fluid/pkg/ddc/goosefs/operations/cached.go:87.16,90.3 2 0
github.com/fluid-cloudnative/fluid/pkg/ddc/goosefs/operations/conf.go:22.73,30.16 3 0
github.com/fluid-cloudnative/fluid/pkg/ddc/goosefs/operations/conf.go:34.2,34.20 1 0
github.com/fluid-cloudnative/fluid/pkg/ddc/goosefs/operations/conf.go:30.16,33.3 2 0
github.com/fluid-cloudnative/fluid/pkg/ddc/goosefs/operations/local.go:27.65,40.16 6 1
github.com/fluid-cloudnative/fluid/pkg/ddc/goosefs/operations/local.go:45.2,45.8 1 1
github.com/fluid-cloudnative/fluid/pkg/ddc/goosefs/operations/local.go:40.16,43.3 2 0
github.com/fluid-cloudnative/fluid/pkg/ddc/jindo/operations/base.go:36.112,44.2 1 1
github.com/fluid-cloudnative/fluid/pkg/ddc/jindo/operations/base.go:47.104,52.12 4 2
github.com/fluid-cloudnative/fluid/pkg/ddc/jindo/operations/base.go:57.2,57.9 1 2
github.com/fluid-cloudnative/fluid/pkg/ddc/jindo/operations/base.go:64.2,64.8 1 2
github.com/fluid-cloudnative/fluid/pkg/ddc/jindo/operations/base.go:52.12,55.3 2 2
github.com/fluid-cloudnative/fluid/pkg/ddc/jindo/operations/base.go:58.12,59.57 1 2
github.com/fluid-cloudnative/fluid/pkg/ddc/jindo/operations/base.go:60.20,61.57 1 0
github.com/fluid-cloudnative/fluid/pkg/ddc/jindo/operations/base.go:68.118,70.16 2 0
github.com/fluid-cloudnative/fluid/pkg/ddc/jindo/operations/base.go:75.2,75.13 1 0
github.com/fluid-cloudnative/fluid/pkg/ddc/jindo/operations/base.go:79.2,79.8 1 0
github.com/fluid-cloudnative/fluid/pkg/ddc/jindo/operations/base.go:70.16,74.3 3 0
github.com/fluid-cloudnative/fluid/pkg/ddc/jindo/operations/base.go:75.13,77.3 1 0
github.com/fluid-cloudnative/fluid/pkg/ddc/jindo/operations/base.go:83.69,91.16 3 0
github.com/fluid-cloudnative/fluid/pkg/ddc/jindo/operations/base.go:95.2,95.20 1 0
github.com/fluid-cloudnative/fluid/pkg/ddc/jindo/operations/base.go:91.16,94.3 2 0
github.com/fluid-cloudnative/fluid/pkg/ddc/jindo/operations/base.go:98.100,105.18 2 2
github.com/fluid-cloudnative/fluid/pkg/ddc/jindo/operations/base.go:109.2,113.18 3 2
github.com/fluid-cloudnative/fluid/pkg/ddc/jindo/operations/base.go:118.2,120.16 2 1
github.com/fluid-cloudnative/fluid/pkg/ddc/jindo/operations/base.go:124.2,124.20 1 1
github.com/fluid-cloudnative/fluid/pkg/ddc/jindo/operations/base.go:105.18,107.3 1 0
github.com/fluid-cloudnative/fluid/pkg/ddc/jindo/operations/base.go:113.18,116.3 2 1
github.com/fluid-cloudnative/fluid/pkg/ddc/jindo/operations/base.go:120.16,123.3 2 0
github.com/fluid-cloudnative/fluid/pkg/ddc/jindo/operations/base.go:128.46,134.16 3 2
github.com/fluid-cloudnative/fluid/pkg/ddc/jindo/operations/base.go:138.2,138.14 1 2
github.com/fluid-cloudnative/fluid/pkg/ddc/jindo/operations/base.go:134.16,136.3 1 1
github.com/fluid-cloudnative/fluid/pkg/ddc/jindo/operations/base.go:142.75,150.16 3 2
github.com/fluid-cloudnative/fluid/pkg/ddc/jindo/operations/base.go:161.2,161.8 1 1
github.com/fluid-cloudnative/fluid/pkg/ddc/jindo/operations/base.go:150.16,151.60 1 1
github.com/fluid-cloudnative/fluid/pkg/ddc/jindo/operations/base.go:151.60,153.4 1 0
github.com/fluid-cloudnative/fluid/pkg/ddc/jindo/operations/base.go:153.9,156.4 2 1
github.com/fluid-cloudnative/fluid/pkg/ddc/jindo/operations/base.go:157.8,159.3 1 1
github.com/fluid-cloudnative/fluid/pkg/ddc/jindo/operations/base.go:165.82,176.16 6 2
github.com/fluid-cloudnative/fluid/pkg/ddc/jindo/operations/base.go:182.2,182.8 1 1
github.com/fluid-cloudnative/fluid/pkg/ddc/jindo/operations/base.go:176.16,179.3 2 1
github.com/fluid-cloudnative/fluid/pkg/ddc/jindo/operations/base.go:179.8,181.3 1 1
github.com/fluid-cloudnative/fluid/pkg/ddc/jindo/operations/cached.go:10.50,20.16 3 2
github.com/fluid-cloudnative/fluid/pkg/ddc/jindo/operations/cached.go:31.2,31.8 1 1
github.com/fluid-cloudnative/fluid/pkg/ddc/jindo/operations/cached.go:20.16,22.39 2 1
github.com/fluid-cloudnative/fluid/pkg/ddc/jindo/operations/cached.go:26.3,26.9 1 1
github.com/fluid-cloudnative/fluid/pkg/ddc/jindo/operations/cached.go:22.39,25.4 2 0
github.com/fluid-cloudnative/fluid/pkg/ddc/jindo/operations/cached.go:27.8,29.3 1 1
github.com/fluid-cloudnative/fluid/pkg/ddc/juicefs/operations/base.go:39.112,46.2 1 1
github.com/fluid-cloudnative/fluid/pkg/ddc/juicefs/operations/base.go:49.84,60.16 6 2
github.com/fluid-cloudnative/fluid/pkg/ddc/juicefs/operations/base.go:66.2,66.8 1 1
github.com/fluid-cloudnative/fluid/pkg/ddc/juicefs/operations/base.go:60.16,63.3 2 1
github.com/fluid-cloudnative/fluid/pkg/ddc/juicefs/operations/base.go:63.8,65.3 1 1
github.com/fluid-cloudnative/fluid/pkg/ddc/juicefs/operations/base.go:70.78,78.16 3 3
github.com/fluid-cloudnative/fluid/pkg/ddc/juicefs/operations/base.go:88.2,88.8 1 1
github.com/fluid-cloudnative/fluid/pkg/ddc/juicefs/operations/base.go:78.16,79.117 1 2
github.com/fluid-cloudnative/fluid/pkg/ddc/juicefs/operations/base.go:79.117,81.4 1 1
github.com/fluid-cloudnative/fluid/pkg/ddc/juicefs/operations/base.go:81.9,84.4 2 1
github.com/fluid-cloudnative/fluid/pkg/ddc/juicefs/operations/base.go:85.8,87.3 1 1
github.com/fluid-cloudnative/fluid/pkg/ddc/juicefs/operations/base.go:92.77,101.16 3 2
github.com/fluid-cloudnative/fluid/pkg/ddc/juicefs/operations/base.go:107.2,109.19 2 1
github.com/fluid-cloudnative/fluid/pkg/ddc/juicefs/operations/base.go:114.2,115.20 2 1
github.com/fluid-cloudnative/fluid/pkg/ddc/juicefs/operations/base.go:120.2,121.16 2 1
github.com/fluid-cloudnative/fluid/pkg/ddc/juicefs/operations/base.go:125.2,125.27 1 1
github.com/fluid-cloudnative/fluid/pkg/ddc/juicefs/operations/base.go:101.16,104.3 2 1
github.com/fluid-cloudnative/fluid/pkg/ddc/juicefs/operations/base.go:109.19,112.3 2 0
github.com/fluid-cloudnative/fluid/pkg/ddc/juicefs/operations/base.go:115.20,118.3 2 0
github.com/fluid-cloudnative/fluid/pkg/ddc/juicefs/operations/base.go:121.16,123.3 1 0
github.com/fluid-cloudnative/fluid/pkg/ddc/juicefs/operations/base.go:130.88,140.16 3 2
github.com/fluid-cloudnative/fluid/pkg/ddc/juicefs/operations/base.go:146.2,148.19 2 1
github.com/fluid-cloudnative/fluid/pkg/ddc/juicefs/operations/base.go:153.2,154.20 2 1
github.com/fluid-cloudnative/fluid/pkg/ddc/juicefs/operations/base.go:159.2,160.16 2 1
github.com/fluid-cloudnative/fluid/pkg/ddc/juicefs/operations/base.go:164.2,164.23 1 1
github.com/fluid-cloudnative/fluid/pkg/ddc/juicefs/operations/base.go:140.16,143.3 2 1
github.com/fluid-cloudnative/fluid/pkg/ddc/juicefs/operations/base.go:148.19,151.3 2 0
github.com/fluid-cloudnative/fluid/pkg/ddc/juicefs/operations/base.go:154.20,157.3 2 0
github.com/fluid-cloudnative/fluid/pkg/ddc/juicefs/operations/base.go:160.16,162.3 1 0
github.com/fluid-cloudnative/fluid/pkg/ddc/juicefs/operations/base.go:168.64,176.16 3 2
github.com/fluid-cloudnative/fluid/pkg/ddc/juicefs/operations/base.go:184.2,184.8 1 1
github.com/fluid-cloudnative/fluid/pkg/ddc/juicefs/operations/base.go:176.16,177.46 1 1
github.com/fluid-cloudnative/fluid/pkg/ddc/juicefs/operations/base.go:177.46,179.4 1 0
github.com/fluid-cloudnative/fluid/pkg/ddc/juicefs/operations/base.go:179.9,182.4 2 1
github.com/fluid-cloudnative/fluid/pkg/ddc/juicefs/operations/base.go:188.59,196.16 3 2
github.com/fluid-cloudnative/fluid/pkg/ddc/juicefs/operations/base.go:200.2,200.8 1 1
github.com/fluid-cloudnative/fluid/pkg/ddc/juicefs/operations/base.go:196.16,199.3 2 1
github.com/fluid-cloudnative/fluid/pkg/ddc/juicefs/operations/base.go:204.83,212.16 3 2
github.com/fluid-cloudnative/fluid/pkg/ddc/juicefs/operations/base.go:216.2,217.8 2 1
github.com/fluid-cloudnative/fluid/pkg/ddc/juicefs/operations/base.go:212.16,215.3 2 1
github.com/fluid-cloudnative/fluid/pkg/ddc/juicefs/operations/base.go:222.87,231.16 3 2
github.com/fluid-cloudnative/fluid/pkg/ddc/juicefs/operations/base.go:237.2,240.20 3 1
github.com/fluid-cloudnative/fluid/pkg/ddc/juicefs/operations/base.go:245.2,246.16 2 1
github.com/fluid-cloudnative/fluid/pkg/ddc/juicefs/operations/base.go:250.2,250.23 1 1
github.com/fluid-cloudnative/fluid/pkg/ddc/juicefs/operations/base.go:231.16,234.3 2 1
github.com/fluid-cloudnative/fluid/pkg/ddc/juicefs/operations/base.go:240.20,243.3 2 0
github.com/fluid-cloudnative/fluid/pkg/ddc/juicefs/operations/base.go:246.16,248.3 1 0
github.com/fluid-cloudnative/fluid/pkg/ddc/juicefs/operations/base.go:254.104,259.12 4 8
github.com/fluid-cloudnative/fluid/pkg/ddc/juicefs/operations/base.go:264.2,264.9 1 8
github.com/fluid-cloudnative/fluid/pkg/ddc/juicefs/operations/base.go:270.2,270.8 1 8
github.com/fluid-cloudnative/fluid/pkg/ddc/juicefs/operations/base.go:259.12,262.3 2 8
github.com/fluid-cloudnative/fluid/pkg/ddc/juicefs/operations/base.go:265.12,266.52 1 8
github.com/fluid-cloudnative/fluid/pkg/ddc/juicefs/operations/base.go:267.20,268.57 1 0
github.com/fluid-cloudnative/fluid/pkg/ddc/juicefs/operations/base.go:274.118,276.16 2 0
github.com/fluid-cloudnative/fluid/pkg/ddc/juicefs/operations/base.go:281.2,281.13 1 0
github.com/fluid-cloudnative/fluid/pkg/ddc/juicefs/operations/base.go:285.2,285.8 1 0
github.com/fluid-cloudnative/fluid/pkg/ddc/juicefs/operations/base.go:276.16,280.3 3 0
github.com/fluid-cloudnative/fluid/pkg/ddc/juicefs/operations/base.go:281.13,283.3 1 0
github.com/fluid-cloudnative/fluid/pkg/ddc/juicefs/operations/base.go:307.117,309.13 2 10
github.com/fluid-cloudnative/fluid/pkg/ddc/juicefs/operations/base.go:321.2,328.16 3 10
[...]
github.com/fluid-cloudnative/fluid/pkg/ddc/juicefs/utils.go:126.3,126.27 1 11
github.com/fluid-cloudnative/fluid/pkg/ddc/juicefs/utils.go:122.32,124.12 2 1
github.com/fluid-cloudnative/fluid/pkg/ddc/juicefs/utils.go:132.99,140.2 3 1
github.com/fluid-cloudnative/fluid/pkg/ddc/juicefs/utils.go:142.118,143.31 1 10
github.com/fluid-cloudnative/fluid/pkg/ddc/juicefs/utils.go:147.2,147.21 1 10
github.com/fluid-cloudnative/fluid/pkg/ddc/juicefs/utils.go:159.2,159.19 1 10
github.com/fluid-cloudnative/fluid/pkg/ddc/juicefs/utils.go:171.2,171.36 1 10
github.com/fluid-cloudnative/fluid/pkg/ddc/juicefs/utils.go:143.31,145.3 1 8
github.com/fluid-cloudnative/fluid/pkg/ddc/juicefs/utils.go:147.21,149.22 2 8
github.com/fluid-cloudnative/fluid/pkg/ddc/juicefs/utils.go:149.22,151.33 2 6
github.com/fluid-cloudnative/fluid/pkg/ddc/juicefs/utils.go:151.33,152.52 1 0
github.com/fluid-cloudnative/fluid/pkg/ddc/juicefs/utils.go:153.10,155.5 1 6
github.com/fluid-cloudnative/fluid/pkg/ddc/juicefs/utils.go:159.19,161.20 2 8
github.com/fluid-cloudnative/fluid/pkg/ddc/juicefs/utils.go:161.20,163.33 2 6
github.com/fluid-cloudnative/fluid/pkg/ddc/juicefs/utils.go:163.33,164.52 1 0
github.com/fluid-cloudnative/fluid/pkg/ddc/juicefs/utils.go:165.10,167.5 1 6
github.com/fluid-cloudnative/fluid/pkg/ddc/juicefs/utils.go:174.115,175.31 1 16
github.com/fluid-cloudnative/fluid/pkg/ddc/juicefs/utils.go:179.2,179.21 1 16
github.com/fluid-cloudnative/fluid/pkg/ddc/juicefs/utils.go:191.2,191.19 1 16
github.com/fluid-cloudnative/fluid/pkg/ddc/juicefs/utils.go:203.2,203.36 1 16
github.com/fluid-cloudnative/fluid/pkg/ddc/juicefs/utils.go:175.31,177.3 1 14
github.com/fluid-cloudnative/fluid/pkg/ddc/juicefs/utils.go:179.21,181.22 2 15
github.com/fluid-cloudnative/fluid/pkg/ddc/juicefs/utils.go:181.22,183.30 2 14
github.com/fluid-cloudnative/fluid/pkg/ddc/juicefs/utils.go:183.30,184.49 1 0
github.com/fluid-cloudnative/fluid/pkg/ddc/juicefs/utils.go:185.10,187.5 1 14
github.com/fluid-cloudnative/fluid/pkg/ddc/juicefs/utils.go:191.19,193.20 2 15
github.com/fluid-cloudnative/fluid/pkg/ddc/juicefs/utils.go:193.20,195.30 2 14
github.com/fluid-cloudnative/fluid/pkg/ddc/juicefs/utils.go:195.30,196.41 1 0
github.com/fluid-cloudnative/fluid/pkg/ddc/juicefs/utils.go:197.10,199.5 1 14
github.com/fluid-cloudnative/fluid/pkg/ddc/juicefs/utils.go:206.60,210.2 3 40
github.com/fluid-cloudnative/fluid/pkg/ddc/juicefs/utils.go:212.64,216.2 3 15
github.com/fluid-cloudnative/fluid/pkg/ddc/juicefs/utils.go:218.80,228.2 4 4
github.com/fluid-cloudnative/fluid/pkg/ddc/juicefs/utils.go:230.55,232.16 2 6
github.com/fluid-cloudnative/fluid/pkg/ddc/juicefs/utils.go:236.2,239.16 4 3
github.com/fluid-cloudnative/fluid/pkg/ddc/juicefs/utils.go:243.2,245.16 2 2
github.com/fluid-cloudnative/fluid/pkg/ddc/juicefs/utils.go:232.16,234.3 1 3
github.com/fluid-cloudnative/fluid/pkg/ddc/juicefs/utils.go:239.16,241.3 1 1
github.com/fluid-cloudnative/fluid/pkg/ddc/juicefs/utils.go:249.35,251.16 2 56
github.com/fluid-cloudnative/fluid/pkg/ddc/juicefs/utils.go:256.2,256.8 1 56
github.com/fluid-cloudnative/fluid/pkg/ddc/juicefs/utils.go:251.16,253.3 1 53
github.com/fluid-cloudnative/fluid/pkg/ddc/juicefs/utils.go:253.8,255.3 1 3
github.com/fluid-cloudnative/fluid/pkg/ddc/juicefs/utils.go:259.52,262.2 2 22
github.com/fluid-cloudnative/fluid/pkg/ddc/juicefs/utils.go:264.68,266.21 2 16
github.com/fluid-cloudnative/fluid/pkg/ddc/juicefs/utils.go:269.2,269.22 1 15
github.com/fluid-cloudnative/fluid/pkg/ddc/juicefs/utils.go:266.21,268.3 1 1
github.com/fluid-cloudnative/fluid/pkg/ddc/juicefs/engine.go:48.82,61.24 2 3
github.com/fluid-cloudnative/fluid/pkg/ddc/juicefs/engine.go:72.2,73.16 2 2
github.com/fluid-cloudnative/fluid/pkg/ddc/juicefs/engine.go:77.2,81.22 4 1
github.com/fluid-cloudnative/fluid/pkg/ddc/juicefs/engine.go:61.24,63.10 2 2
github.com/fluid-cloudnative/fluid/pkg/ddc/juicefs/engine.go:66.3,66.27 1 2
github.com/fluid-cloudnative/fluid/pkg/ddc/juicefs/engine.go:63.10,65.4 1 0
github.com/fluid-cloudnative/fluid/pkg/ddc/juicefs/engine.go:67.8,69.3 1 1
github.com/fluid-cloudnative/fluid/pkg/ddc/juicefs/engine.go:73.16,75.3 1 1
github.com/fluid-cloudnative/fluid/pkg/ddc/juicefs/transform.go:27.101,28.20 1 6
github.com/fluid-cloudnative/fluid/pkg/ddc/juicefs/transform.go:33.2,34.16 2 6
github.com/fluid-cloudnative/fluid/pkg/ddc/juicefs/transform.go:38.2,44.16 4 6
github.com/fluid-cloudnative/fluid/pkg/ddc/juicefs/transform.go:49.2,50.16 2 6
github.com/fluid-cloudnative/fluid/pkg/ddc/juicefs/transform.go:55.2,56.8 2 6
github.com/fluid-cloudnative/fluid/pkg/ddc/juicefs/transform.go:28.20,31.3 2 0
github.com/fluid-cloudnative/fluid/pkg/ddc/juicefs/transform.go:34.16,36.3 1 0
github.com/fluid-cloudnative/fluid/pkg/ddc/juicefs/transform.go:44.16,46.3 1 0
github.com/fluid-cloudnative/fluid/pkg/ddc/juicefs/transform.go:50.16,52.3 1 0
github.com/fluid-cloudnative/fluid/pkg/ddc/juicefs/transform.go:59.108,71.41 8 6
github.com/fluid-cloudnative/fluid/pkg/ddc/juicefs/transform.go:75.2,75.46 1 6
github.com/fluid-cloudnative/fluid/pkg/ddc/juicefs/transform.go:83.2,84.8 2 6
github.com/fluid-cloudnative/fluid/pkg/ddc/juicefs/transform.go:71.41,73.3 1 6
github.com/fluid-cloudnative/fluid/pkg/ddc/juicefs/transform.go:75.46,76.69 1 2
github.com/fluid-cloudnative/fluid/pkg/ddc/juicefs/transform.go:76.69,78.4 1 2
github.com/fluid-cloudnative/fluid/pkg/ddc/juicefs/transform.go:79.8,81.3 1 4
github.com/fluid-cloudnative/fluid/pkg/ddc/juicefs/transform.go:87.95,89.35 2 6
github.com/fluid-cloudnative/fluid/pkg/ddc/juicefs/transform.go:89.35,91.3 1 6
github.com/fluid-cloudnative/fluid/pkg/ddc/juicefs/data_load.go:35.131,43.16 6 3
github.com/fluid-cloudnative/fluid/pkg/ddc/juicefs/data_load.go:49.2,49.14 1 2
github.com/fluid-cloudnative/fluid/pkg/ddc/juicefs/data_load.go:65.2,65.12 1 1
github.com/fluid-cloudnative/fluid/pkg/ddc/juicefs/data_load.go:43.16,46.3 2 1
github.com/fluid-cloudnative/fluid/pkg/ddc/juicefs/data_load.go:49.14,52.17 3 2
github.com/fluid-cloudnative/fluid/pkg/ddc/juicefs/data_load.go:56.3,58.17 3 2
github.com/fluid-cloudnative/fluid/pkg/ddc/juicefs/data_load.go:62.3,63.126 2 1
github.com/fluid-cloudnative/fluid/pkg/ddc/juicefs/data_load.go:52.17,55.4 2 0
github.com/fluid-cloudnative/fluid/pkg/ddc/juicefs/data_load.go:58.17,61.4 2 1
github.com/fluid-cloudnative/fluid/pkg/ddc/juicefs/data_load.go:70.153,72.16 2 6
github.com/fluid-cloudnative/fluid/pkg/ddc/juicefs/data_load.go:75.2,79.25 3 6
github.com/fluid-cloudnative/fluid/pkg/ddc/juicefs/data_load.go:88.2,88.24 1 6
github.com/fluid-cloudnative/fluid/pkg/ddc/juicefs/data_load.go:97.2,107.46 4 6
github.com/fluid-cloudnative/fluid/pkg/ddc/juicefs/data_load.go:115.2,119.34 3 6
github.com/fluid-cloudnative/fluid/pkg/ddc/juicefs/data_load.go:124.2,125.16 2 6
github.com/fluid-cloudnative/fluid/pkg/ddc/juicefs/data_load.go:128.2,128.36 1 6
github.com/fluid-cloudnative/fluid/pkg/ddc/juicefs/data_load.go:132.2,134.34 3 6
github.com/fluid-cloudnative/fluid/pkg/ddc/juicefs/data_load.go:137.2,138.27 2 4
github.com/fluid-cloudnative/fluid/pkg/ddc/juicefs/data_load.go:141.2,141.39 1 4
github.com/fluid-cloudnative/fluid/pkg/ddc/juicefs/data_load.go:146.2,148.38 3 4
github.com/fluid-cloudnative/fluid/pkg/ddc/juicefs/data_load.go:152.2,159.16 4 4
github.com/fluid-cloudnative/fluid/pkg/ddc/juicefs/data_load.go:162.2,165.16 3 4
github.com/fluid-cloudnative/fluid/pkg/ddc/juicefs/data_load.go:168.2,169.16 2 4
github.com/fluid-cloudnative/fluid/pkg/ddc/juicefs/data_load.go:172.2,172.30 1 4
github.com/fluid-cloudnative/fluid/pkg/ddc/juicefs/data_load.go:72.16,74.3 1 0
github.com/fluid-cloudnative/fluid/pkg/ddc/juicefs/data_load.go:79.25,81.32 2 2
github.com/fluid-cloudnative/fluid/pkg/ddc/juicefs/data_load.go:81.32,82.44 1 0
github.com/fluid-cloudnative/fluid/pkg/ddc/juicefs/data_load.go:83.9,85.4 1 2
github.com/fluid-cloudnative/fluid/pkg/ddc/juicefs/data_load.go:88.24,90.32 2 2
github.com/fluid-cloudnative/fluid/pkg/ddc/juicefs/data_load.go:90.32,91.44 1 0
github.com/fluid-cloudnative/fluid/pkg/ddc/juicefs/data_load.go:92.9,94.4 1 2
github.com/fluid-cloudnative/fluid/pkg/ddc/juicefs/data_load.go:107.46,114.3 2 3
github.com/fluid-cloudnative/fluid/pkg/ddc/juicefs/data_load.go:119.34,120.49 1 0
github.com/fluid-cloudnative/fluid/pkg/ddc/juicefs/data_load.go:120.49,122.4 1 0
github.com/fluid-cloudnative/fluid/pkg/ddc/juicefs/data_load.go:125.16,127.3 1 0
github.com/fluid-cloudnative/fluid/pkg/ddc/juicefs/data_load.go:128.36,130.3 1 18
github.com/fluid-cloudnative/fluid/pkg/ddc/juicefs/data_load.go:134.34,136.3 1 2
github.com/fluid-cloudnative/fluid/pkg/ddc/juicefs/data_load.go:138.27,140.3 1 4
github.com/fluid-cloudnative/fluid/pkg/ddc/juicefs/data_load.go:141.39,143.3 1 2
github.com/fluid-cloudnative/fluid/pkg/ddc/juicefs/data_load.go:143.8,145.3 1 2
github.com/fluid-cloudnative/fluid/pkg/ddc/juicefs/data_load.go:148.38,150.3 1 4
github.com/fluid-cloudnative/fluid/pkg/ddc/juicefs/data_load.go:159.16,161.3 1 0
github.com/fluid-cloudnative/fluid/pkg/ddc/juicefs/data_load.go:165.16,167.3 1 0
github.com/fluid-cloudnative/fluid/pkg/ddc/juicefs/data_load.go:169.16,171.3 1 0
github.com/fluid-cloudnative/fluid/pkg/ddc/juicefs/data_load.go:175.58,178.34 3 2
github.com/fluid-cloudnative/fluid/pkg/ddc/juicefs/data_load.go:181.2,181.13 1 1
github.com/fluid-cloudnative/fluid/pkg/ddc/juicefs/data_load.go:178.34,180.3 1 1
github.com/fluid-cloudnative/fluid/pkg/ddc/juicefs/data_load.go:184.111,187.16 2 2
github.com/fluid-cloudnative/fluid/pkg/ddc/juicefs/data_load.go:190.2,191.21 2 2
github.com/fluid-cloudnative/fluid/pkg/ddc/juicefs/data_load.go:196.2,198.34 3 2
github.com/fluid-cloudnative/fluid/pkg/ddc/juicefs/data_load.go:203.2,205.52 3 2
github.com/fluid-cloudnative/fluid/pkg/ddc/juicefs/data_load.go:215.2,215.19 1 1
github.com/fluid-cloudnative/fluid/pkg/ddc/juicefs/data_load.go:187.16,189.3 1 0
github.com/fluid-cloudnative/fluid/pkg/ddc/juicefs/data_load.go:191.21,193.3 1 0
github.com/fluid-cloudnative/fluid/pkg/ddc/juicefs/data_load.go:198.34,200.3 1 0
github.com/fluid-cloudnative/fluid/pkg/ddc/juicefs/data_load.go:205.52,208.17 3 2
github.com/fluid-cloudnative/fluid/pkg/ddc/juicefs/data_load.go:211.3,211.15 1 1
github.com/fluid-cloudnative/fluid/pkg/ddc/juicefs/data_load.go:208.17,210.4 1 1
github.com/fluid-cloudnative/fluid/pkg/ddc/juicefs/data_load.go:211.15,213.4 1 0
github.com/fluid-cloudnative/fluid/pkg/ddc/juicefs/deprecated_label.go:24.63,26.2 1 11
github.com/fluid-cloudnative/fluid/pkg/ddc/juicefs/deprecated_label.go:28.85,37.16 3 6
github.com/fluid-cloudnative/fluid/pkg/ddc/juicefs/deprecated_label.go:48.2,51.81 3 4
github.com/fluid-cloudnative/fluid/pkg/ddc/juicefs/deprecated_label.go:57.2,57.8 1 4
github.com/fluid-cloudnative/fluid/pkg/ddc/juicefs/deprecated_label.go:37.16,38.30 1 2
github.com/fluid-cloudnative/fluid/pkg/ddc/juicefs/deprecated_label.go:44.3,45.25 2 0
github.com/fluid-cloudnative/fluid/pkg/ddc/juicefs/deprecated_label.go:38.30,43.4 4 2
github.com/fluid-cloudnative/fluid/pkg/ddc/juicefs/deprecated_label.go:51.81,53.3 1 3
github.com/fluid-cloudnative/fluid/pkg/ddc/juicefs/deprecated_label.go:53.8,55.3 1 1
github.com/fluid-cloudnative/fluid/pkg/ddc/juicefs/replicas.go:29.88,36.16 3 3
github.com/fluid-cloudnative/fluid/pkg/ddc/juicefs/replicas.go:40.2,40.65 1 3
github.com/fluid-cloudnative/fluid/pkg/ddc/juicefs/replicas.go:49.2,49.16 1 3
github.com/fluid-cloudnative/fluid/pkg/ddc/juicefs/replicas.go:54.2,54.8 1 3
github.com/fluid-cloudnative/fluid/pkg/ddc/juicefs/replicas.go:36.16,38.3 1 0
github.com/fluid-cloudnative/fluid/pkg/ddc/juicefs/replicas.go:40.65,42.17 2 3
github.com/fluid-cloudnative/fluid/pkg/ddc/juicefs/replicas.go:45.3,47.13 3 3
github.com/fluid-cloudnative/fluid/pkg/ddc/juicefs/replicas.go:42.17,44.4 1 0
github.com/fluid-cloudnative/fluid/pkg/ddc/juicefs/replicas.go:49.16,52.3 1 0
github.com/fluid-cloudnative/fluid/pkg/ddc/juicefs/report.go:27.98,30.16 3 1
github.com/fluid-cloudnative/fluid/pkg/ddc/juicefs/report.go:33.2,33.8 1 1
github.com/fluid-cloudnative/fluid/pkg/ddc/juicefs/report.go:30.16,32.3 1 0
github.com/fluid-cloudnative/fluid/pkg/ddc/juicefs/report.go:37.85,40.29 2 7
github.com/fluid-cloudnative/fluid/pkg/ddc/juicefs/report.go:54.2,56.27 3 7
github.com/fluid-cloudnative/fluid/pkg/ddc/juicefs/report.go:78.2,78.8 1 7
github.com/fluid-cloudnative/fluid/pkg/ddc/juicefs/report.go:40.29,46.3 5 3
github.com/fluid-cloudnative/fluid/pkg/ddc/juicefs/report.go:46.8,52.3 5 4
github.com/fluid-cloudnative/fluid/pkg/ddc/juicefs/report.go:56.27,59.23 2 853
github.com/fluid-cloudnative/fluid/pkg/ddc/juicefs/report.go:63.3,63.20 1 853
github.com/fluid-cloudnative/fluid/pkg/ddc/juicefs/report.go:59.23,60.12 1 0
github.com/fluid-cloudnative/fluid/pkg/ddc/juicefs/report.go:64.24,65.60 1 4
github.com/fluid-cloudnative/fluid/pkg/ddc/juicefs/report.go:66.23,67.59 1 4
github.com/fluid-cloudnative/fluid/pkg/ddc/juicefs/report.go:68.23,69.59 1 4
github.com/fluid-cloudnative/fluid/pkg/ddc/juicefs/report.go:70.27,71.64 1 4
github.com/fluid-cloudnative/fluid/pkg/ddc/juicefs/report.go:72.28,73.64 1 4
github.com/fluid-cloudnative/fluid/pkg/ddc/juicefs/report.go:74.11,74.11 0 833
github.com/fluid-cloudnative/fluid/pkg/ddc/juicefs/shutdown.go:36.48,37.48 1 0
github.com/fluid-cloudnative/fluid/pkg/ddc/juicefs/shutdown.go:47.2,47.33 1 0
github.com/fluid-cloudnative/fluid/pkg/ddc/juicefs/shutdown.go:51.2,52.16 2 0
github.com/fluid-cloudnative/fluid/pkg/ddc/juicefs/shutdown.go:56.2,57.16 2 0
github.com/fluid-cloudnative/fluid/pkg/ddc/juicefs/shutdown.go:61.2,62.12 2 0
github.com/fluid-cloudnative/fluid/pkg/ddc/juicefs/shutdown.go:37.48,39.17 2 0
github.com/fluid-cloudnative/fluid/pkg/ddc/juicefs/shutdown.go:39.17,44.4 3 0
github.com/fluid-cloudnative/fluid/pkg/ddc/juicefs/shutdown.go:47.33,49.3 1 0
github.com/fluid-cloudnative/fluid/pkg/ddc/juicefs/shutdown.go:52.16,54.3 1 0
github.com/fluid-cloudnative/fluid/pkg/ddc/juicefs/shutdown.go:57.16,59.3 1 0
github.com/fluid-cloudnative/fluid/pkg/ddc/juicefs/shutdown.go:66.53,69.16 3 4
github.com/fluid-cloudnative/fluid/pkg/ddc/juicefs/shutdown.go:73.2,73.11 1 3
github.com/fluid-cloudnative/fluid/pkg/ddc/juicefs/shutdown.go:79.2,79.8 1 2
github.com/fluid-cloudnative/fluid/pkg/ddc/juicefs/shutdown.go:69.16,71.3 1 1
github.com/fluid-cloudnative/fluid/pkg/ddc/juicefs/shutdown.go:73.11,75.17 2 2
github.com/fluid-cloudnative/fluid/pkg/ddc/juicefs/shutdown.go:75.17,77.4 1 1
github.com/fluid-cloudnative/fluid/pkg/ddc/juicefs/shutdown.go:83.52,86.16 3 5
github.com/fluid-cloudnative/fluid/pkg/ddc/juicefs/shutdown.go:90.2,91.47 2 5
github.com/fluid-cloudnative/fluid/pkg/ddc/juicefs/shutdown.go:99.2,101.16 3 5
github.com/fluid-cloudnative/fluid/pkg/ddc/juicefs/shutdown.go:110.2,110.27 1 3
github.com/fluid-cloudnative/fluid/pkg/ddc/juicefs/shutdown.go:118.2,118.12 1 1
github.com/fluid-cloudnative/fluid/pkg/ddc/juicefs/shutdown.go:86.16,88.3 1 0
github.com/fluid-cloudnative/fluid/pkg/ddc/juicefs/shutdown.go:91.47,92.69 1 0
github.com/fluid-cloudnative/fluid/pkg/ddc/juicefs/shutdown.go:96.3,96.53 1 0
github.com/fluid-cloudnative/fluid/pkg/ddc/juicefs/shutdown.go:92.69,95.4 2 0
github.com/fluid-cloudnative/fluid/pkg/ddc/juicefs/shutdown.go:101.16,102.39 1 2
github.com/fluid-cloudnative/fluid/pkg/ddc/juicefs/shutdown.go:102.39,105.4 2 1
github.com/fluid-cloudnative/fluid/pkg/ddc/juicefs/shutdown.go:105.9,107.4 1 1
github.com/fluid-cloudnative/fluid/pkg/ddc/juicefs/shutdown.go:110.27,114.17 3 3
github.com/fluid-cloudnative/fluid/pkg/ddc/juicefs/shutdown.go:114.17,116.4 1 2
github.com/fluid-cloudnative/fluid/pkg/ddc/juicefs/shutdown.go:123.97,129.16 4 2
github.com/fluid-cloudnative/fluid/pkg/ddc/juicefs/shutdown.go:133.2,147.16 5 2
github.com/fluid-cloudnative/fluid/pkg/ddc/juicefs/shutdown.go:151.2,155.16 2 2
github.com/fluid-cloudnative/fluid/pkg/ddc/juicefs/shutdown.go:159.2,160.39 2 2
github.com/fluid-cloudnative/fluid/pkg/ddc/juicefs/shutdown.go:165.2,166.26 2 2
github.com/fluid-cloudnative/fluid/pkg/ddc/juicefs/shutdown.go:187.2,187.29 1 2
github.com/fluid-cloudnative/fluid/pkg/ddc/juicefs/shutdown.go:237.2,237.28 1 2
github.com/fluid-cloudnative/fluid/pkg/ddc/juicefs/shutdown.go:129.16,131.3 1 0
github.com/fluid-cloudnative/fluid/pkg/ddc/juicefs/shutdown.go:147.16,149.3 1 0
github.com/fluid-cloudnative/fluid/pkg/ddc/juicefs/shutdown.go:155.16,157.3 1 0
github.com/fluid-cloudnative/fluid/pkg/ddc/juicefs/shutdown.go:160.39,163.3 2 0
github.com/fluid-cloudnative/fluid/pkg/ddc/juicefs/shutdown.go:166.26,170.17 3 0
github.com/fluid-cloudnative/fluid/pkg/ddc/juicefs/shutdown.go:175.3,177.17 3 0
github.com/fluid-cloudnative/fluid/pkg/ddc/juicefs/shutdown.go:170.17,173.4 2 0
github.com/fluid-cloudnative/fluid/pkg/ddc/juicefs/shutdown.go:177.17,179.4 1 0
github.com/fluid-cloudnative/fluid/pkg/ddc/juicefs/shutdown.go:181.8,184.3 1 2
github.com/fluid-cloudnative/fluid/pkg/ddc/juicefs/shutdown.go:187.29,188.40 1 3
github.com/fluid-cloudnative/fluid/pkg/ddc/juicefs/shutdown.go:192.3,192.28 1 3
github.com/fluid-cloudnative/fluid/pkg/ddc/juicefs/shutdown.go:196.3,198.66 3 3
github.com/fluid-cloudnative/fluid/pkg/ddc/juicefs/shutdown.go:230.3,230.17 1 3
github.com/fluid-cloudnative/fluid/pkg/ddc/juicefs/shutdown.go:234.3,234.19 1 3
github.com/fluid-cloudnative/fluid/pkg/ddc/juicefs/shutdown.go:188.40,189.9 1 0
github.com/fluid-cloudnative/fluid/pkg/ddc/juicefs/shutdown.go:192.28,193.12 1 0
github.com/fluid-cloudnative/fluid/pkg/ddc/juicefs/shutdown.go:198.66,200.18 2 3
github.com/fluid-cloudnative/fluid/pkg/ddc/juicefs/shutdown.go:205.4,206.37 2 3
github.com/fluid-cloudnative/fluid/pkg/ddc/juicefs/shutdown.go:210.4,211.94 2 3
github.com/fluid-cloudnative/fluid/pkg/ddc/juicefs/shutdown.go:215.4,216.18 2 3
github.com/fluid-cloudnative/fluid/pkg/ddc/juicefs/shutdown.go:222.4,223.18 2 3
github.com/fluid-cloudnative/fluid/pkg/ddc/juicefs/shutdown.go:226.4,227.14 2 3
github.com/fluid-cloudnative/fluid/pkg/ddc/juicefs/shutdown.go:200.18,203.5 2 0
github.com/fluid-cloudnative/fluid/pkg/ddc/juicefs/shutdown.go:206.37,208.5 1 15
github.com/fluid-cloudnative/fluid/pkg/ddc/juicefs/shutdown.go:211.94,213.5 1 1
github.com/fluid-cloudnative/fluid/pkg/ddc/juicefs/shutdown.go:216.18,218.5 1 0
github.com/fluid-cloudnative/fluid/pkg/ddc/juicefs/shutdown.go:223.18,225.5 1 0
github.com/fluid-cloudnative/fluid/pkg/ddc/juicefs/shutdown.go:230.17,232.4 1 0
github.com/fluid-cloudnative/fluid/pkg/ddc/juicefs/shutdown.go:240.125,241.17 1 0
github.com/fluid-cloudnative/fluid/pkg/ddc/juicefs/shutdown.go:265.2,265.19 1 0
github.com/fluid-cloudnative/fluid/pkg/ddc/juicefs/shutdown.go:241.17,246.17 2 0
github.com/fluid-cloudnative/fluid/pkg/ddc/juicefs/shutdown.go:251.3,251.39 1 0
github.com/fluid-cloudnative/fluid/pkg/ddc/juicefs/shutdown.go:246.17,249.4 2 0
github.com/fluid-cloudnative/fluid/pkg/ddc/juicefs/shutdown.go:251.39,252.52 1 0
github.com/fluid-cloudnative/fluid/pkg/ddc/juicefs/shutdown.go:252.52,254.5 1 0
github.com/fluid-cloudnative/fluid/pkg/ddc/juicefs/shutdown.go:256.8,260.3 1 0
github.com/fluid-cloudnative/fluid/pkg/ddc/juicefs/shutdown.go:268.48,270.16 2 1
github.com/fluid-cloudnative/fluid/pkg/ddc/juicefs/shutdown.go:274.2,284.25 4 1
github.com/fluid-cloudnative/fluid/pkg/ddc/juicefs/shutdown.go:291.2,291.12 1 1
github.com/fluid-cloudnative/fluid/pkg/ddc/juicefs/shutdown.go:270.16,273.3 2 0
github.com/fluid-cloudnative/fluid/pkg/ddc/juicefs/shutdown.go:284.25,286.17 2 2
github.com/fluid-cloudnative/fluid/pkg/ddc/juicefs/shutdown.go:286.17,288.4 1 0
github.com/fluid-cloudnative/fluid/pkg/ddc/juicefs/ufs.go:23.58,25.2 1 6
github.com/fluid-cloudnative/fluid/pkg/ddc/juicefs/ufs.go:27.58,29.2 1 1
github.com/fluid-cloudnative/fluid/pkg/ddc/juicefs/ufs.go:31.59,33.2 1 1
github.com/fluid-cloudnative/fluid/pkg/ddc/juicefs/ufs.go:35.55,37.2 1 1
github.com/fluid-cloudnative/fluid/pkg/ddc/juicefs/ufs.go:39.66,41.2 1 1
github.com/fluid-cloudnative/fluid/pkg/ddc/juicefs/ufs.go:43.49,45.2 1 1
github.com/fluid-cloudnative/fluid/pkg/ddc/juicefs/ufs.go:48.75,50.2 1 1
github.com/fluid-cloudnative/fluid/pkg/ddc/juicefs/ufs.go:52.98,54.2 1 1
